<?xml version="1.0" encoding="UTF-8" ?>
<testsuite failures="0" time="21.917" errors="4" skipped="0" tests="5" name="br.scrumban.VendedorDBTest">
  <properties>
[...]
</properties>
  <testcase time="2.218" classname="br.scrumban.VendedorDBTest" name="testRemoverUmVendedorEspecificoConsultarOutro">
    <error message="org.hibernate.exception.JDBCConnectionException: Cannot open connection" type="javax.persistence.PersistenceException">javax.persistence.PersistenceException: org.hibernate.exception.JDBCConnectionException: Cannot open connection
	at org.hibernate.ejb.AbstractEntityManagerImpl.throwPersistenceException(AbstractEntityManagerImpl.java:629)
	at org.hibernate.ejb.AbstractEntityManagerImpl.find(AbstractEntityManagerImpl.java:194)
	at br.scrumban.dao.VendedorDAO.find(VendedorDAO.java:22)
	at br.scrumban.dao.VendedorDAO.remove(VendedorDAO.java:26)
	at br.scrumban.VendedorDBTest.testRemoverUmVendedorEspecificoConsultarOutro(VendedorDBTest.java:35)
	at sun.reflect.NativeMethodAccessorImpl.invoke0(Native Method)
	at sun.reflect.NativeMethodAccessorImpl.invoke(Unknown Source)
	at sun.reflect.DelegatingMethodAccessorImpl.invoke(Unknown Source)
	at java.lang.reflect.Method.invoke(Unknown Source)
	at junit.framework.TestCase.runTest(TestCase.java:164)
	at junit.framework.TestCase.runBare(TestCase.java:130)
	at junit.framework.TestResult$1.protect(TestResult.java:110)
	at junit.framework.TestResult.runProtected(TestResult.java:128)
	at junit.framework.TestResult.run(TestResult.java:113)
	at junit.framework.TestCase.run(TestCase.java:120)
	at junit.framework.TestSuite.runTest(TestSuite.java:228)
	at junit.framework.TestSuite.run(TestSuite.java:223)
	at org.junit.internal.runners.OldTestClassRunner.run(OldTestClassRunner.java:35)
	at org.apache.maven.surefire.junit4.JUnit4TestSet.execute(JUnit4TestSet.java:53)
	at org.apache.maven.surefire.junit4.JUnit4Provider.executeTestSet(JUnit4Provider.java:123)
	at org.apache.maven.surefire.junit4.JUnit4Provider.invoke(JUnit4Provider.java:104)
	at sun.reflect.NativeMethodAccessorImpl.invoke0(Native Method)
	at sun.reflect.NativeMethodAccessorImpl.invoke(Unknown Source)
	at sun.reflect.DelegatingMethodAccessorImpl.invoke(Unknown Source)
	at java.lang.reflect.Method.invoke(Unknown Source)
	at org.apache.maven.surefire.util.ReflectionUtils.invokeMethodWithArray(ReflectionUtils.java:164)
	at org.apache.maven.surefire.booter.ProviderFactory$ProviderProxy.invoke(ProviderFactory.java:110)
	at org.apache.maven.surefire.booter.SurefireStarter.invokeProvider(SurefireStarter.java:175)
	at org.apache.maven.surefire.booter.SurefireStarter.runSuitesInProcessWhenForked(SurefireStarter.java:107)
	at org.apache.maven.surefire.booter.ForkedBooter.main(ForkedBooter.java:68)
Caused by: org.hibernate.exception.JDBCConnectionException: Cannot open connection
	at org.hibernate.exception.SQLStateConverter.convert(SQLStateConverter.java:74)
	at org.hibernate.exception.JDBCExceptionHelper.convert(JDBCExceptionHelper.java:43)
	at org.hibernate.exception.JDBCExceptionHelper.convert(JDBCExceptionHelper.java:29)
	at org.hibernate.jdbc.ConnectionManager.openConnection(ConnectionManager.java:420)
	at org.hibernate.jdbc.ConnectionManager.getConnection(ConnectionManager.java:144)
	at org.hibernate.jdbc.AbstractBatcher.prepareQueryStatement(AbstractBatcher.java:139)
	at org.hibernate.loader.Loader.prepareQueryStatement(Loader.java:1538)
	at org.hibernate.loader.Loader.doQuery(Loader.java:661)
	at org.hibernate.loader.Loader.doQueryAndInitializeNonLazyCollections(Loader.java:224)
	at org.hibernate.loader.Loader.loadEntity(Loader.java:1851)
	at org.hibernate.loader.entity.AbstractEntityLoader.load(AbstractEntityLoader.java:48)
	at org.hibernate.loader.entity.AbstractEntityLoader.load(AbstractEntityLoader.java:42)
	at org.hibernate.persister.entity.AbstractEntityPersister.load(AbstractEntityPersister.java:2992)
	at org.hibernate.event.def.DefaultLoadEventListener.loadFromDatasource(DefaultLoadEventListener.java:395)
	at org.hibernate.event.def.DefaultLoadEventListener.doLoad(DefaultLoadEventListener.java:375)
	at org.hibernate.event.def.DefaultLoadEventListener.load(DefaultLoadEventListener.java:139)
	at org.hibernate.event.def.DefaultLoadEventListener.proxyOrLoad(DefaultLoadEventListener.java:195)
	at org.hibernate.event.def.DefaultLoadEventListener.onLoad(DefaultLoadEventListener.java:103)
	at org.hibernate.impl.SessionImpl.fireLoad(SessionImpl.java:878)
	at org.hibernate.impl.SessionImpl.get(SessionImpl.java:815)
	at org.hibernate.impl.SessionImpl.get(SessionImpl.java:808)
	at org.hibernate.ejb.AbstractEntityManagerImpl.find(AbstractEntityManagerImpl.java:174)
	... 28 more
Caused by: java.sql.SQLException: Network error IOException: Connection refused: connect
	at net.sourceforge.jtds.jdbc.ConnectionJDBC2.&lt;init&gt;(ConnectionJDBC2.java:395)
	at net.sourceforge.jtds.jdbc.ConnectionJDBC3.&lt;init&gt;(ConnectionJDBC3.java:50)
	at net.sourceforge.jtds.jdbc.Driver.connect(Driver.java:184)
	at java.sql.DriverManager.getConnection(Unknown Source)
	at java.sql.DriverManager.getConnection(Unknown Source)
	at org.hibernate.connection.DriverManagerConnectionProvider.getConnection(DriverManagerConnectionProvider.java:110)
	at org.hibernate.jdbc.ConnectionManager.openConnection(ConnectionManager.java:417)
	... 46 more
Caused by: java.net.ConnectException: Connection refused: connect
	at java.net.DualStackPlainSocketImpl.connect0(Native Method)
	at java.net.DualStackPlainSocketImpl.socketConnect(Unknown Source)
	at java.net.AbstractPlainSocketImpl.doConnect(Unknown Source)
	at java.net.AbstractPlainSocketImpl.connectToAddress(Unknown Source)
	at java.net.AbstractPlainSocketImpl.connect(Unknown Source)
	at java.net.PlainSocketImpl.connect(Unknown Source)
	at java.net.SocksSocketImpl.connect(Unknown Source)
	at java.net.Socket.connect(Unknown Source)
	at sun.reflect.GeneratedMethodAccessor31.invoke(Unknown Source)
	at sun.reflect.DelegatingMethodAccessorImpl.invoke(Unknown Source)
	at java.lang.reflect.Method.invoke(Unknown Source)
	at net.sourceforge.jtds.jdbc.SharedSocket.createSocketForJDBC3(SharedSocket.java:305)
	at net.sourceforge.jtds.jdbc.SharedSocket.&lt;init&gt;(SharedSocket.java:255)
	at net.sourceforge.jtds.jdbc.ConnectionJDBC2.&lt;init&gt;(ConnectionJDBC2.java:323)
	... 52 more
</error>
    <system-err>Mai 14, 2014 11:05:41 AM org.hibernate.cfg.AnnotationBinder bindClass
INFO: Binding entity from annotated class: br.scrumban.Vendedor
Mai 14, 2014 11:05:41 AM org.hibernate.cfg.annotations.EntityBinder bindTable
INFO: Bind entity br.scrumban.Vendedor on table Vendedor
Mai 14, 2014 11:05:41 AM org.hibernate.cfg.AnnotationBinder bindClass
INFO: Binding entity from annotated class: br.scrumban.Venda
Mai 14, 2014 11:05:41 AM org.hibernate.cfg.annotations.EntityBinder bindTable
INFO: Bind entity br.scrumban.Venda on table Venda
Mai 14, 2014 11:05:41 AM org.hibernate.cfg.AnnotationBinder bindClass
INFO: Binding entity from annotated class: br.scrumban.VendaVendedor
Mai 14, 2014 11:05:41 AM org.hibernate.cfg.annotations.EntityBinder bindTable
INFO: Bind entity br.scrumban.VendaVendedor on table VendaVendedor
Mai 14, 2014 11:05:41 AM org.hibernate.connection.DriverManagerConnectionProvider configure
INFO: Using Hibernate built-in connection pool (not for production use!)
Mai 14, 2014 11:05:41 AM org.hibernate.connection.DriverManagerConnectionProvider configure
INFO: Hibernate connection pool size: 20
Mai 14, 2014 11:05:41 AM org.hibernate.connection.DriverManagerConnectionProvider configure
INFO: autocommit mode: true
Mai 14, 2014 11:05:41 AM org.hibernate.connection.DriverManagerConnectionProvider configure
INFO: using driver: net.sourceforge.jtds.jdbc.Driver at URL: jdbc:jtds:SQLServer://localhost:1433/dojoJava
Mai 14, 2014 11:05:41 AM org.hibernate.connection.DriverManagerConnectionProvider configure
INFO: connection properties: {user=sa, password=****, autocommit=true, release_mode=auto}
Mai 14, 2014 11:05:42 AM org.hibernate.cfg.SettingsFactory buildSettings
WARNING: Could not obtain connection metadata
java.sql.SQLException: Network error IOException: Connection refused: connect
	at net.sourceforge.jtds.jdbc.ConnectionJDBC2.&lt;init&gt;(ConnectionJDBC2.java:395)
	at net.sourceforge.jtds.jdbc.ConnectionJDBC3.&lt;init&gt;(ConnectionJDBC3.java:50)
	at net.sourceforge.jtds.jdbc.Driver.connect(Driver.java:184)
	at java.sql.DriverManager.getConnection(Unknown Source)
	at java.sql.DriverManager.getConnection(Unknown Source)
	at org.hibernate.connection.DriverManagerConnectionProvider.getConnection(DriverManagerConnectionProvider.java:110)
	at org.hibernate.cfg.SettingsFactory.buildSettings(SettingsFactory.java:76)
	at org.hibernate.cfg.Configuration.buildSettings(Configuration.java:2006)
	at org.hibernate.cfg.Configuration.buildSessionFactory(Configuration.java:1289)
	at org.hibernate.ejb.Ejb3Configuration.buildEntityManagerFactory(Ejb3Configuration.java:713)
	at org.hibernate.ejb.HibernatePersistence.createEntityManagerFactory(HibernatePersistence.java:121)
	at javax.persistence.Persistence.createEntityManagerFactory(Persistence.java:83)
	at javax.persistence.Persistence.createEntityManagerFactory(Persistence.java:60)
	at br.scrumban.infra.BaseDBTest.&lt;init&gt;(BaseDBTest.java:23)
	at br.scrumban.VendedorDBTest.&lt;init&gt;(VendedorDBTest.java:11)
	at sun.reflect.NativeConstructorAccessorImpl.newInstance0(Native Method)
	at sun.reflect.NativeConstructorAccessorImpl.newInstance(Unknown Source)
	at sun.reflect.DelegatingConstructorAccessorImpl.newInstance(Unknown Source)
	at java.lang.reflect.Constructor.newInstance(Unknown Source)
	at junit.framework.TestSuite.createTest(TestSuite.java:56)
	at junit.framework.TestSuite.addTestMethod(TestSuite.java:279)
	at junit.framework.TestSuite.&lt;init&gt;(TestSuite.java:142)
	at org.junit.internal.runners.OldTestClassRunner.&lt;init&gt;(OldTestClassRunner.java:23)
	at sun.reflect.NativeConstructorAccessorImpl.newInstance0(Native Method)
	at sun.reflect.NativeConstructorAccessorImpl.newInstance(Unknown Source)
	at sun.reflect.DelegatingConstructorAccessorImpl.newInstance(Unknown Source)
	at java.lang.reflect.Constructor.newInstance(Unknown Source)
	at org.junit.internal.requests.ClassRequest.getRunner(ClassRequest.java:27)
	at org.apache.maven.surefire.junit4.JUnit4TestSet.execute(JUnit4TestSet.java:51)
	at org.apache.maven.surefire.junit4.JUnit4Provider.executeTestSet(JUnit4Provider.java:123)
	at org.apache.maven.surefire.junit4.JUnit4Provider.invoke(JUnit4Provider.java:104)
	at sun.reflect.NativeMethodAccessorImpl.invoke0(Native Method)
	at sun.reflect.NativeMethodAccessorImpl.invoke(Unknown Source)
	at sun.reflect.DelegatingMethodAccessorImpl.invoke(Unknown Source)
	at java.lang.reflect.Method.invoke(Unknown Source)
	at org.apache.maven.surefire.util.ReflectionUtils.invokeMethodWithArray(ReflectionUtils.java:164)
	at org.apache.maven.surefire.booter.ProviderFactory$ProviderProxy.invoke(ProviderFactory.java:110)
	at org.apache.maven.surefire.booter.SurefireStarter.invokeProvider(SurefireStarter.java:175)
	at org.apache.maven.surefire.booter.SurefireStarter.runSuitesInProcessWhenForked(SurefireStarter.java:107)
	at org.apache.maven.surefire.booter.ForkedBooter.main(ForkedBooter.java:68)
Caused by: java.net.ConnectException: Connection refused: connect
	at java.net.DualStackPlainSocketImpl.connect0(Native Method)
	at java.net.DualStackPlainSocketImpl.socketConnect(Unknown Source)
	at java.net.AbstractPlainSocketImpl.doConnect(Unknown Source)
	at java.net.AbstractPlainSocketImpl.connectToAddress(Unknown Source)
	at java.net.AbstractPlainSocketImpl.connect(Unknown Source)
	at java.net.PlainSocketImpl.connect(Unknown Source)
	at java.net.SocksSocketImpl.connect(Unknown Source)
	at java.net.Socket.connect(Unknown Source)
	at sun.reflect.GeneratedMethodAccessor31.invoke(Unknown Source)
	at sun.reflect.DelegatingMethodAccessorImpl.invoke(Unknown Source)
	at java.lang.reflect.Method.invoke(Unknown Source)
	at net.sourceforge.jtds.jdbc.SharedSocket.createSocketForJDBC3(SharedSocket.java:305)
	at net.sourceforge.jtds.jdbc.SharedSocket.&lt;init&gt;(SharedSocket.java:255)
	at net.sourceforge.jtds.jdbc.ConnectionJDBC2.&lt;init&gt;(ConnectionJDBC2.java:323)
	... 39 more

Mai 14, 2014 11:05:42 AM org.hibernate.dialect.Dialect &lt;init&gt;
INFO: Using dialect: org.hibernate.dialect.SQLServerDialect
Mai 14, 2014 11:05:42 AM org.hibernate.transaction.TransactionFactoryFactory buildTransactionFactory
INFO: Transaction strategy: org.hibernate.transaction.JDBCTransactionFactory
Mai 14, 2014 11:05:42 AM org.hibernate.transaction.TransactionManagerLookupFactory getTransactionManagerLookup
INFO: No TransactionManagerLookup configured (in JTA environment, use of read-write or transactional second-level cache is not recommended)
Mai 14, 2014 11:05:42 AM org.hibernate.cfg.SettingsFactory buildSettings
INFO: Automatic flush during beforeCompletion(): disabled
Mai 14, 2014 11:05:42 AM org.hibernate.cfg.SettingsFactory buildSettings
INFO: Automatic session close at end of transaction: disabled
Mai 14, 2014 11:05:42 AM org.hibernate.cfg.SettingsFactory buildSettings
INFO: Scrollable result sets: disabled
Mai 14, 2014 11:05:42 AM org.hibernate.cfg.SettingsFactory buildSettings
INFO: JDBC3 getGeneratedKeys(): disabled
Mai 14, 2014 11:05:42 AM org.hibernate.cfg.SettingsFactory buildSettings
INFO: Connection release mode: auto
Mai 14, 2014 11:05:42 AM org.hibernate.cfg.SettingsFactory buildSettings
INFO: Default batch fetch size: 1
Mai 14, 2014 11:05:42 AM org.hibernate.cfg.SettingsFactory buildSettings
INFO: Generate SQL with comments: disabled
Mai 14, 2014 11:05:42 AM org.hibernate.cfg.SettingsFactory buildSettings
INFO: Order SQL updates by primary key: disabled
Mai 14, 2014 11:05:42 AM org.hibernate.cfg.SettingsFactory createQueryTranslatorFactory
INFO: Query translator: org.hibernate.hql.ast.ASTQueryTranslatorFactory
Mai 14, 2014 11:05:42 AM org.hibernate.hql.ast.ASTQueryTranslatorFactory &lt;init&gt;
INFO: Using ASTQueryTranslatorFactory
Mai 14, 2014 11:05:42 AM org.hibernate.cfg.SettingsFactory buildSettings
INFO: Query language substitutions: {}
Mai 14, 2014 11:05:42 AM org.hibernate.cfg.SettingsFactory buildSettings
INFO: JPA-QL strict compliance: enabled
Mai 14, 2014 11:05:42 AM org.hibernate.cfg.SettingsFactory buildSettings
INFO: Second-level cache: enabled
Mai 14, 2014 11:05:42 AM org.hibernate.cfg.SettingsFactory buildSettings
INFO: Query cache: disabled
Mai 14, 2014 11:05:42 AM org.hibernate.cfg.SettingsFactory createCacheProvider
INFO: Cache provider: org.hibernate.cache.NoCacheProvider
Mai 14, 2014 11:05:42 AM org.hibernate.cfg.SettingsFactory buildSettings
INFO: Optimize cache for minimal puts: disabled
Mai 14, 2014 11:05:42 AM org.hibernate.cfg.SettingsFactory buildSettings
INFO: Structured second-level cache entries: disabled
Mai 14, 2014 11:05:42 AM org.hibernate.cfg.SettingsFactory buildSettings
INFO: Echoing all SQL to stdout
Mai 14, 2014 11:05:42 AM org.hibernate.cfg.SettingsFactory buildSettings
INFO: Statistics: disabled
Mai 14, 2014 11:05:42 AM org.hibernate.cfg.SettingsFactory buildSettings
INFO: Deleted entity synthetic identifier rollback: disabled
Mai 14, 2014 11:05:42 AM org.hibernate.cfg.SettingsFactory buildSettings
INFO: Default entity-mode: pojo
Mai 14, 2014 11:05:42 AM org.hibernate.impl.SessionFactoryImpl &lt;init&gt;
INFO: building session factory
Mai 14, 2014 11:05:42 AM org.hibernate.impl.SessionFactoryObjectFactory addInstance
INFO: Not binding factory to JNDI, no JNDI name configured
Mai 14, 2014 11:05:42 AM org.hibernate.tool.hbm2ddl.SchemaExport execute
INFO: Running hbm2ddl schema export
Mai 14, 2014 11:05:42 AM org.hibernate.tool.hbm2ddl.SchemaExport execute
INFO: exporting generated schema to database
Mai 14, 2014 11:05:43 AM org.hibernate.tool.hbm2ddl.SchemaExport execute
SEVERE: schema export unsuccessful
java.sql.SQLException: Network error IOException: Connection refused: connect
	at net.sourceforge.jtds.jdbc.ConnectionJDBC2.&lt;init&gt;(ConnectionJDBC2.java:395)
	at net.sourceforge.jtds.jdbc.ConnectionJDBC3.&lt;init&gt;(ConnectionJDBC3.java:50)
	at net.sourceforge.jtds.jdbc.Driver.connect(Driver.java:184)
	at java.sql.DriverManager.getConnection(Unknown Source)
	at java.sql.DriverManager.getConnection(Unknown Source)
	at org.hibernate.connection.DriverManagerConnectionProvider.getConnection(DriverManagerConnectionProvider.java:110)
	at org.hibernate.tool.hbm2ddl.SuppliedConnectionProviderConnectionHelper.prepare(SuppliedConnectionProviderConnectionHelper.java:27)
	at org.hibernate.tool.hbm2ddl.SchemaExport.execute(SchemaExport.java:180)
	at org.hibernate.tool.hbm2ddl.SchemaExport.create(SchemaExport.java:133)
	at org.hibernate.impl.SessionFactoryImpl.&lt;init&gt;(SessionFactoryImpl.java:311)
	at org.hibernate.cfg.Configuration.buildSessionFactory(Configuration.java:1291)
	at org.hibernate.ejb.Ejb3Configuration.buildEntityManagerFactory(Ejb3Configuration.java:713)
	at org.hibernate.ejb.HibernatePersistence.createEntityManagerFactory(HibernatePersistence.java:121)
	at javax.persistence.Persistence.createEntityManagerFactory(Persistence.java:83)
	at javax.persistence.Persistence.createEntityManagerFactory(Persistence.java:60)
	at br.scrumban.infra.BaseDBTest.&lt;init&gt;(BaseDBTest.java:23)
	at br.scrumban.VendedorDBTest.&lt;init&gt;(VendedorDBTest.java:11)
	at sun.reflect.NativeConstructorAccessorImpl.newInstance0(Native Method)
	at sun.reflect.NativeConstructorAccessorImpl.newInstance(Unknown Source)
	at sun.reflect.DelegatingConstructorAccessorImpl.newInstance(Unknown Source)
	at java.lang.reflect.Constructor.newInstance(Unknown Source)
	at junit.framework.TestSuite.createTest(TestSuite.java:56)
	at junit.framework.TestSuite.addTestMethod(TestSuite.java:279)
	at junit.framework.TestSuite.&lt;init&gt;(TestSuite.java:142)
	at org.junit.internal.runners.OldTestClassRunner.&lt;init&gt;(OldTestClassRunner.java:23)
	at sun.reflect.NativeConstructorAccessorImpl.newInstance0(Native Method)
	at sun.reflect.NativeConstructorAccessorImpl.newInstance(Unknown Source)
	at sun.reflect.DelegatingConstructorAccessorImpl.newInstance(Unknown Source)
	at java.lang.reflect.Constructor.newInstance(Unknown Source)
	at org.junit.internal.requests.ClassRequest.getRunner(ClassRequest.java:27)
	at org.apache.maven.surefire.junit4.JUnit4TestSet.execute(JUnit4TestSet.java:51)
	at org.apache.maven.surefire.junit4.JUnit4Provider.executeTestSet(JUnit4Provider.java:123)
	at org.apache.maven.surefire.junit4.JUnit4Provider.invoke(JUnit4Provider.java:104)
	at sun.reflect.NativeMethodAccessorImpl.invoke0(Native Method)
	at sun.reflect.NativeMethodAccessorImpl.invoke(Unknown Source)
	at sun.reflect.DelegatingMethodAccessorImpl.invoke(Unknown Source)
	at java.lang.reflect.Method.invoke(Unknown Source)
	at org.apache.maven.surefire.util.ReflectionUtils.invokeMethodWithArray(ReflectionUtils.java:164)
	at org.apache.maven.surefire.booter.ProviderFactory$ProviderProxy.invoke(ProviderFactory.java:110)
	at org.apache.maven.surefire.booter.SurefireStarter.invokeProvider(SurefireStarter.java:175)
	at org.apache.maven.surefire.booter.SurefireStarter.runSuitesInProcessWhenForked(SurefireStarter.java:107)
	at org.apache.maven.surefire.booter.ForkedBooter.main(ForkedBooter.java:68)
Caused by: java.net.ConnectException: Connection refused: connect
	at java.net.DualStackPlainSocketImpl.connect0(Native Method)
	at java.net.DualStackPlainSocketImpl.socketConnect(Unknown Source)
	at java.net.AbstractPlainSocketImpl.doConnect(Unknown Source)
	at java.net.AbstractPlainSocketImpl.connectToAddress(Unknown Source)
	at java.net.AbstractPlainSocketImpl.connect(Unknown Source)
	at java.net.PlainSocketImpl.connect(Unknown Source)
	at java.net.SocksSocketImpl.connect(Unknown Source)
	at java.net.Socket.connect(Unknown Source)
	at sun.reflect.GeneratedMethodAccessor31.invoke(Unknown Source)
	at sun.reflect.DelegatingMethodAccessorImpl.invoke(Unknown Source)
	at java.lang.reflect.Method.invoke(Unknown Source)
	at net.sourceforge.jtds.jdbc.SharedSocket.createSocketForJDBC3(SharedSocket.java:305)
	at net.sourceforge.jtds.jdbc.SharedSocket.&lt;init&gt;(SharedSocket.java:255)
	at net.sourceforge.jtds.jdbc.ConnectionJDBC2.&lt;init&gt;(ConnectionJDBC2.java:323)
	... 41 more

Mai 14, 2014 11:05:43 AM org.hibernate.cfg.AnnotationBinder bindClass
INFO: Binding entity from annotated class: br.scrumban.Vendedor
Mai 14, 2014 11:05:43 AM org.hibernate.cfg.annotations.EntityBinder bindTable
INFO: Bind entity br.scrumban.Vendedor on table Vendedor
Mai 14, 2014 11:05:43 AM org.hibernate.cfg.AnnotationBinder bindClass
INFO: Binding entity from annotated class: br.scrumban.Venda
Mai 14, 2014 11:05:43 AM org.hibernate.cfg.annotations.EntityBinder bindTable
INFO: Bind entity br.scrumban.Venda on table Venda
Mai 14, 2014 11:05:43 AM org.hibernate.cfg.AnnotationBinder bindClass
INFO: Binding entity from annotated class: br.scrumban.VendaVendedor
Mai 14, 2014 11:05:43 AM org.hibernate.cfg.annotations.EntityBinder bindTable
INFO: Bind entity br.scrumban.VendaVendedor on table VendaVendedor
Mai 14, 2014 11:05:43 AM org.hibernate.connection.DriverManagerConnectionProvider configure
INFO: Using Hibernate built-in connection pool (not for production use!)
Mai 14, 2014 11:05:43 AM org.hibernate.connection.DriverManagerConnectionProvider configure
INFO: Hibernate connection pool size: 20
Mai 14, 2014 11:05:43 AM org.hibernate.connection.DriverManagerConnectionProvider configure
INFO: autocommit mode: true
Mai 14, 2014 11:05:43 AM org.hibernate.connection.DriverManagerConnectionProvider configure
INFO: using driver: net.sourceforge.jtds.jdbc.Driver at URL: jdbc:jtds:SQLServer://localhost:1433/dojoJava
Mai 14, 2014 11:05:43 AM org.hibernate.connection.DriverManagerConnectionProvider configure
INFO: connection properties: {user=sa, password=****, autocommit=true, release_mode=auto}
Mai 14, 2014 11:05:44 AM org.hibernate.cfg.SettingsFactory buildSettings
WARNING: Could not obtain connection metadata
java.sql.SQLException: Network error IOException: Connection refused: connect
	at net.sourceforge.jtds.jdbc.ConnectionJDBC2.&lt;init&gt;(ConnectionJDBC2.java:395)
	at net.sourceforge.jtds.jdbc.ConnectionJDBC3.&lt;init&gt;(ConnectionJDBC3.java:50)
	at net.sourceforge.jtds.jdbc.Driver.connect(Driver.java:184)
	at java.sql.DriverManager.getConnection(Unknown Source)
	at java.sql.DriverManager.getConnection(Unknown Source)
	at org.hibernate.connection.DriverManagerConnectionProvider.getConnection(DriverManagerConnectionProvider.java:110)
	at org.hibernate.cfg.SettingsFactory.buildSettings(SettingsFactory.java:76)
	at org.hibernate.cfg.Configuration.buildSettings(Configuration.java:2006)
	at org.hibernate.cfg.Configuration.buildSessionFactory(Configuration.java:1289)
	at org.hibernate.ejb.Ejb3Configuration.buildEntityManagerFactory(Ejb3Configuration.java:713)
	at org.hibernate.ejb.HibernatePersistence.createEntityManagerFactory(HibernatePersistence.java:121)
	at javax.persistence.Persistence.createEntityManagerFactory(Persistence.java:83)
	at javax.persistence.Persistence.createEntityManagerFactory(Persistence.java:60)
	at br.scrumban.infra.BaseDBTest.&lt;init&gt;(BaseDBTest.java:23)
	at br.scrumban.VendedorDBTest.&lt;init&gt;(VendedorDBTest.java:11)
	at sun.reflect.NativeConstructorAccessorImpl.newInstance0(Native Method)
	at sun.reflect.NativeConstructorAccessorImpl.newInstance(Unknown Source)
	at sun.reflect.DelegatingConstructorAccessorImpl.newInstance(Unknown Source)
	at java.lang.reflect.Constructor.newInstance(Unknown Source)
	at junit.framework.TestSuite.createTest(TestSuite.java:56)
	at junit.framework.TestSuite.addTestMethod(TestSuite.java:279)
	at junit.framework.TestSuite.&lt;init&gt;(TestSuite.java:142)
	at org.junit.internal.runners.OldTestClassRunner.&lt;init&gt;(OldTestClassRunner.java:23)
	at sun.reflect.NativeConstructorAccessorImpl.newInstance0(Native Method)
	at sun.reflect.NativeConstructorAccessorImpl.newInstance(Unknown Source)
	at sun.reflect.DelegatingConstructorAccessorImpl.newInstance(Unknown Source)
	at java.lang.reflect.Constructor.newInstance(Unknown Source)
	at org.junit.internal.requests.ClassRequest.getRunner(ClassRequest.java:27)
	at org.apache.maven.surefire.junit4.JUnit4TestSet.execute(JUnit4TestSet.java:51)
	at org.apache.maven.surefire.junit4.JUnit4Provider.executeTestSet(JUnit4Provider.java:123)
	at org.apache.maven.surefire.junit4.JUnit4Provider.invoke(JUnit4Provider.java:104)
	at sun.reflect.NativeMethodAccessorImpl.invoke0(Native Method)
	at sun.reflect.NativeMethodAccessorImpl.invoke(Unknown Source)
	at sun.reflect.DelegatingMethodAccessorImpl.invoke(Unknown Source)
	at java.lang.reflect.Method.invoke(Unknown Source)
	at org.apache.maven.surefire.util.ReflectionUtils.invokeMethodWithArray(ReflectionUtils.java:164)
	at org.apache.maven.surefire.booter.ProviderFactory$ProviderProxy.invoke(ProviderFactory.java:110)
	at org.apache.maven.surefire.booter.SurefireStarter.invokeProvider(SurefireStarter.java:175)
	at org.apache.maven.surefire.booter.SurefireStarter.runSuitesInProcessWhenForked(SurefireStarter.java:107)
	at org.apache.maven.surefire.booter.ForkedBooter.main(ForkedBooter.java:68)
Caused by: java.net.ConnectException: Connection refused: connect
	at java.net.DualStackPlainSocketImpl.connect0(Native Method)
	at java.net.DualStackPlainSocketImpl.socketConnect(Unknown Source)
	at java.net.AbstractPlainSocketImpl.doConnect(Unknown Source)
	at java.net.AbstractPlainSocketImpl.connectToAddress(Unknown Source)
	at java.net.AbstractPlainSocketImpl.connect(Unknown Source)
	at java.net.PlainSocketImpl.connect(Unknown Source)
	at java.net.SocksSocketImpl.connect(Unknown Source)
	at java.net.Socket.connect(Unknown Source)
	at sun.reflect.GeneratedMethodAccessor31.invoke(Unknown Source)
	at sun.reflect.DelegatingMethodAccessorImpl.invoke(Unknown Source)
	at java.lang.reflect.Method.invoke(Unknown Source)
	at net.sourceforge.jtds.jdbc.SharedSocket.createSocketForJDBC3(SharedSocket.java:305)
	at net.sourceforge.jtds.jdbc.SharedSocket.&lt;init&gt;(SharedSocket.java:255)
	at net.sourceforge.jtds.jdbc.ConnectionJDBC2.&lt;init&gt;(ConnectionJDBC2.java:323)
	... 39 more

Mai 14, 2014 11:05:44 AM org.hibernate.dialect.Dialect &lt;init&gt;
INFO: Using dialect: org.hibernate.dialect.SQLServerDialect
Mai 14, 2014 11:05:44 AM org.hibernate.transaction.TransactionFactoryFactory buildTransactionFactory
INFO: Transaction strategy: org.hibernate.transaction.JDBCTransactionFactory
Mai 14, 2014 11:05:44 AM org.hibernate.transaction.TransactionManagerLookupFactory getTransactionManagerLookup
INFO: No TransactionManagerLookup configured (in JTA environment, use of read-write or transactional second-level cache is not recommended)
Mai 14, 2014 11:05:44 AM org.hibernate.cfg.SettingsFactory buildSettings
INFO: Automatic flush during beforeCompletion(): disabled
Mai 14, 2014 11:05:44 AM org.hibernate.cfg.SettingsFactory buildSettings
INFO: Automatic session close at end of transaction: disabled
Mai 14, 2014 11:05:44 AM org.hibernate.cfg.SettingsFactory buildSettings
INFO: Scrollable result sets: disabled
Mai 14, 2014 11:05:44 AM org.hibernate.cfg.SettingsFactory buildSettings
INFO: JDBC3 getGeneratedKeys(): disabled
Mai 14, 2014 11:05:44 AM org.hibernate.cfg.SettingsFactory buildSettings
INFO: Connection release mode: auto
Mai 14, 2014 11:05:44 AM org.hibernate.cfg.SettingsFactory buildSettings
INFO: Default batch fetch size: 1
Mai 14, 2014 11:05:44 AM org.hibernate.cfg.SettingsFactory buildSettings
INFO: Generate SQL with comments: disabled
Mai 14, 2014 11:05:44 AM org.hibernate.cfg.SettingsFactory buildSettings
INFO: Order SQL updates by primary key: disabled
Mai 14, 2014 11:05:44 AM org.hibernate.cfg.SettingsFactory createQueryTranslatorFactory
INFO: Query translator: org.hibernate.hql.ast.ASTQueryTranslatorFactory
Mai 14, 2014 11:05:44 AM org.hibernate.hql.ast.ASTQueryTranslatorFactory &lt;init&gt;
INFO: Using ASTQueryTranslatorFactory
Mai 14, 2014 11:05:44 AM org.hibernate.cfg.SettingsFactory buildSettings
INFO: Query language substitutions: {}
Mai 14, 2014 11:05:44 AM org.hibernate.cfg.SettingsFactory buildSettings
INFO: JPA-QL strict compliance: enabled
Mai 14, 2014 11:05:44 AM org.hibernate.cfg.SettingsFactory buildSettings
INFO: Second-level cache: enabled
Mai 14, 2014 11:05:44 AM org.hibernate.cfg.SettingsFactory buildSettings
INFO: Query cache: disabled
Mai 14, 2014 11:05:44 AM org.hibernate.cfg.SettingsFactory createCacheProvider
INFO: Cache provider: org.hibernate.cache.NoCacheProvider
Mai 14, 2014 11:05:44 AM org.hibernate.cfg.SettingsFactory buildSettings
INFO: Optimize cache for minimal puts: disabled
Mai 14, 2014 11:05:44 AM org.hibernate.cfg.SettingsFactory buildSettings
INFO: Structured second-level cache entries: disabled
Mai 14, 2014 11:05:44 AM org.hibernate.cfg.SettingsFactory buildSettings
INFO: Echoing all SQL to stdout
Mai 14, 2014 11:05:44 AM org.hibernate.cfg.SettingsFactory buildSettings
INFO: Statistics: disabled
Mai 14, 2014 11:05:44 AM org.hibernate.cfg.SettingsFactory buildSettings
INFO: Deleted entity synthetic identifier rollback: disabled
Mai 14, 2014 11:05:44 AM org.hibernate.cfg.SettingsFactory buildSettings
INFO: Default entity-mode: pojo
Mai 14, 2014 11:05:44 AM org.hibernate.impl.SessionFactoryImpl &lt;init&gt;
INFO: building session factory
Mai 14, 2014 11:05:44 AM org.hibernate.impl.SessionFactoryObjectFactory addInstance
INFO: Not binding factory to JNDI, no JNDI name configured
Mai 14, 2014 11:05:44 AM org.hibernate.tool.hbm2ddl.SchemaExport execute
INFO: Running hbm2ddl schema export
Mai 14, 2014 11:05:44 AM org.hibernate.tool.hbm2ddl.SchemaExport execute
INFO: exporting generated schema to database
Mai 14, 2014 11:05:45 AM org.hibernate.tool.hbm2ddl.SchemaExport execute
SEVERE: schema export unsuccessful
java.sql.SQLException: Network error IOException: Connection refused: connect
	at net.sourceforge.jtds.jdbc.ConnectionJDBC2.&lt;init&gt;(ConnectionJDBC2.java:395)
	at net.sourceforge.jtds.jdbc.ConnectionJDBC3.&lt;init&gt;(ConnectionJDBC3.java:50)
	at net.sourceforge.jtds.jdbc.Driver.connect(Driver.java:184)
	at java.sql.DriverManager.getConnection(Unknown Source)
	at java.sql.DriverManager.getConnection(Unknown Source)
	at org.hibernate.connection.DriverManagerConnectionProvider.getConnection(DriverManagerConnectionProvider.java:110)
	at org.hibernate.tool.hbm2ddl.SuppliedConnectionProviderConnectionHelper.prepare(SuppliedConnectionProviderConnectionHelper.java:27)
	at org.hibernate.tool.hbm2ddl.SchemaExport.execute(SchemaExport.java:180)
	at org.hibernate.tool.hbm2ddl.SchemaExport.create(SchemaExport.java:133)
	at org.hibernate.impl.SessionFactoryImpl.&lt;init&gt;(SessionFactoryImpl.java:311)
	at org.hibernate.cfg.Configuration.buildSessionFactory(Configuration.java:1291)
	at org.hibernate.ejb.Ejb3Configuration.buildEntityManagerFactory(Ejb3Configuration.java:713)
	at org.hibernate.ejb.HibernatePersistence.createEntityManagerFactory(HibernatePersistence.java:121)
	at javax.persistence.Persistence.createEntityManagerFactory(Persistence.java:83)
	at javax.persistence.Persistence.createEntityManagerFactory(Persistence.java:60)
	at br.scrumban.infra.BaseDBTest.&lt;init&gt;(BaseDBTest.java:23)
	at br.scrumban.VendedorDBTest.&lt;init&gt;(VendedorDBTest.java:11)
	at sun.reflect.NativeConstructorAccessorImpl.newInstance0(Native Method)
	at sun.reflect.NativeConstructorAccessorImpl.newInstance(Unknown Source)
	at sun.reflect.DelegatingConstructorAccessorImpl.newInstance(Unknown Source)
	at java.lang.reflect.Constructor.newInstance(Unknown Source)
	at junit.framework.TestSuite.createTest(TestSuite.java:56)
	at junit.framework.TestSuite.addTestMethod(TestSuite.java:279)
	at junit.framework.TestSuite.&lt;init&gt;(TestSuite.java:142)
	at org.junit.internal.runners.OldTestClassRunner.&lt;init&gt;(OldTestClassRunner.java:23)
	at sun.reflect.NativeConstructorAccessorImpl.newInstance0(Native Method)
	at sun.reflect.NativeConstructorAccessorImpl.newInstance(Unknown Source)
	at sun.reflect.DelegatingConstructorAccessorImpl.newInstance(Unknown Source)
	at java.lang.reflect.Constructor.newInstance(Unknown Source)
	at org.junit.internal.requests.ClassRequest.getRunner(ClassRequest.java:27)
	at org.apache.maven.surefire.junit4.JUnit4TestSet.execute(JUnit4TestSet.java:51)
	at org.apache.maven.surefire.junit4.JUnit4Provider.executeTestSet(JUnit4Provider.java:123)
	at org.apache.maven.surefire.junit4.JUnit4Provider.invoke(JUnit4Provider.java:104)
	at sun.reflect.NativeMethodAccessorImpl.invoke0(Native Method)
	at sun.reflect.NativeMethodAccessorImpl.invoke(Unknown Source)
	at sun.reflect.DelegatingMethodAccessorImpl.invoke(Unknown Source)
	at java.lang.reflect.Method.invoke(Unknown Source)
	at org.apache.maven.surefire.util.ReflectionUtils.invokeMethodWithArray(ReflectionUtils.java:164)
	at org.apache.maven.surefire.booter.ProviderFactory$ProviderProxy.invoke(ProviderFactory.java:110)
	at org.apache.maven.surefire.booter.SurefireStarter.invokeProvider(SurefireStarter.java:175)
	at org.apache.maven.surefire.booter.SurefireStarter.runSuitesInProcessWhenForked(SurefireStarter.java:107)
	at org.apache.maven.surefire.booter.ForkedBooter.main(ForkedBooter.java:68)
Caused by: java.net.ConnectException: Connection refused: connect
	at java.net.DualStackPlainSocketImpl.connect0(Native Method)
	at java.net.DualStackPlainSocketImpl.socketConnect(Unknown Source)
	at java.net.AbstractPlainSocketImpl.doConnect(Unknown Source)
	at java.net.AbstractPlainSocketImpl.connectToAddress(Unknown Source)
	at java.net.AbstractPlainSocketImpl.connect(Unknown Source)
	at java.net.PlainSocketImpl.connect(Unknown Source)
	at java.net.SocksSocketImpl.connect(Unknown Source)
	at java.net.Socket.connect(Unknown Source)
	at sun.reflect.GeneratedMethodAccessor31.invoke(Unknown Source)
	at sun.reflect.DelegatingMethodAccessorImpl.invoke(Unknown Source)
	at java.lang.reflect.Method.invoke(Unknown Source)
	at net.sourceforge.jtds.jdbc.SharedSocket.createSocketForJDBC3(SharedSocket.java:305)
	at net.sourceforge.jtds.jdbc.SharedSocket.&lt;init&gt;(SharedSocket.java:255)
	at net.sourceforge.jtds.jdbc.ConnectionJDBC2.&lt;init&gt;(ConnectionJDBC2.java:323)
	... 41 more

Mai 14, 2014 11:05:45 AM org.hibernate.cfg.AnnotationBinder bindClass
INFO: Binding entity from annotated class: br.scrumban.Vendedor
Mai 14, 2014 11:05:45 AM org.hibernate.cfg.annotations.EntityBinder bindTable
INFO: Bind entity br.scrumban.Vendedor on table Vendedor
Mai 14, 2014 11:05:45 AM org.hibernate.cfg.AnnotationBinder bindClass
INFO: Binding entity from annotated class: br.scrumban.Venda
Mai 14, 2014 11:05:45 AM org.hibernate.cfg.annotations.EntityBinder bindTable
INFO: Bind entity br.scrumban.Venda on table Venda
Mai 14, 2014 11:05:45 AM org.hibernate.cfg.AnnotationBinder bindClass
INFO: Binding entity from annotated class: br.scrumban.VendaVendedor
Mai 14, 2014 11:05:45 AM org.hibernate.cfg.annotations.EntityBinder bindTable
INFO: Bind entity br.scrumban.VendaVendedor on table VendaVendedor
Mai 14, 2014 11:05:45 AM org.hibernate.connection.DriverManagerConnectionProvider configure
INFO: Using Hibernate built-in connection pool (not for production use!)
Mai 14, 2014 11:05:45 AM org.hibernate.connection.DriverManagerConnectionProvider configure
INFO: Hibernate connection pool size: 20
Mai 14, 2014 11:05:45 AM org.hibernate.connection.DriverManagerConnectionProvider configure
INFO: autocommit mode: true
Mai 14, 2014 11:05:45 AM org.hibernate.connection.DriverManagerConnectionProvider configure
INFO: using driver: net.sourceforge.jtds.jdbc.Driver at URL: jdbc:jtds:SQLServer://localhost:1433/dojoJava
Mai 14, 2014 11:05:45 AM org.hibernate.connection.DriverManagerConnectionProvider configure
INFO: connection properties: {user=sa, password=****, autocommit=true, release_mode=auto}
Mai 14, 2014 11:05:46 AM org.hibernate.cfg.SettingsFactory buildSettings
WARNING: Could not obtain connection metadata
java.sql.SQLException: Network error IOException: Connection refused: connect
	at net.sourceforge.jtds.jdbc.ConnectionJDBC2.&lt;init&gt;(ConnectionJDBC2.java:395)
	at net.sourceforge.jtds.jdbc.ConnectionJDBC3.&lt;init&gt;(ConnectionJDBC3.java:50)
	at net.sourceforge.jtds.jdbc.Driver.connect(Driver.java:184)
	at java.sql.DriverManager.getConnection(Unknown Source)
	at java.sql.DriverManager.getConnection(Unknown Source)
	at org.hibernate.connection.DriverManagerConnectionProvider.getConnection(DriverManagerConnectionProvider.java:110)
	at org.hibernate.cfg.SettingsFactory.buildSettings(SettingsFactory.java:76)
	at org.hibernate.cfg.Configuration.buildSettings(Configuration.java:2006)
	at org.hibernate.cfg.Configuration.buildSessionFactory(Configuration.java:1289)
	at org.hibernate.ejb.Ejb3Configuration.buildEntityManagerFactory(Ejb3Configuration.java:713)
	at org.hibernate.ejb.HibernatePersistence.createEntityManagerFactory(HibernatePersistence.java:121)
	at javax.persistence.Persistence.createEntityManagerFactory(Persistence.java:83)
	at javax.persistence.Persistence.createEntityManagerFactory(Persistence.java:60)
	at br.scrumban.infra.BaseDBTest.&lt;init&gt;(BaseDBTest.java:23)
	at br.scrumban.VendedorDBTest.&lt;init&gt;(VendedorDBTest.java:11)
	at sun.reflect.NativeConstructorAccessorImpl.newInstance0(Native Method)
	at sun.reflect.NativeConstructorAccessorImpl.newInstance(Unknown Source)
	at sun.reflect.DelegatingConstructorAccessorImpl.newInstance(Unknown Source)
	at java.lang.reflect.Constructor.newInstance(Unknown Source)
	at junit.framework.TestSuite.createTest(TestSuite.java:56)
	at junit.framework.TestSuite.addTestMethod(TestSuite.java:279)
	at junit.framework.TestSuite.&lt;init&gt;(TestSuite.java:142)
	at org.junit.internal.runners.OldTestClassRunner.&lt;init&gt;(OldTestClassRunner.java:23)
	at sun.reflect.NativeConstructorAccessorImpl.newInstance0(Native Method)
	at sun.reflect.NativeConstructorAccessorImpl.newInstance(Unknown Source)
	at sun.reflect.DelegatingConstructorAccessorImpl.newInstance(Unknown Source)
	at java.lang.reflect.Constructor.newInstance(Unknown Source)
	at org.junit.internal.requests.ClassRequest.getRunner(ClassRequest.java:27)
	at org.apache.maven.surefire.junit4.JUnit4TestSet.execute(JUnit4TestSet.java:51)
	at org.apache.maven.surefire.junit4.JUnit4Provider.executeTestSet(JUnit4Provider.java:123)
	at org.apache.maven.surefire.junit4.JUnit4Provider.invoke(JUnit4Provider.java:104)
	at sun.reflect.NativeMethodAccessorImpl.invoke0(Native Method)
	at sun.reflect.NativeMethodAccessorImpl.invoke(Unknown Source)
	at sun.reflect.DelegatingMethodAccessorImpl.invoke(Unknown Source)
	at java.lang.reflect.Method.invoke(Unknown Source)
	at org.apache.maven.surefire.util.ReflectionUtils.invokeMethodWithArray(ReflectionUtils.java:164)
	at org.apache.maven.surefire.booter.ProviderFactory$ProviderProxy.invoke(ProviderFactory.java:110)
	at org.apache.maven.surefire.booter.SurefireStarter.invokeProvider(SurefireStarter.java:175)
	at org.apache.maven.surefire.booter.SurefireStarter.runSuitesInProcessWhenForked(SurefireStarter.java:107)
	at org.apache.maven.surefire.booter.ForkedBooter.main(ForkedBooter.java:68)
Caused by: java.net.ConnectException: Connection refused: connect
	at java.net.DualStackPlainSocketImpl.connect0(Native Method)
	at java.net.DualStackPlainSocketImpl.socketConnect(Unknown Source)
	at java.net.AbstractPlainSocketImpl.doConnect(Unknown Source)
	at java.net.AbstractPlainSocketImpl.connectToAddress(Unknown Source)
	at java.net.AbstractPlainSocketImpl.connect(Unknown Source)
	at java.net.PlainSocketImpl.connect(Unknown Source)
	at java.net.SocksSocketImpl.connect(Unknown Source)
	at java.net.Socket.connect(Unknown Source)
	at sun.reflect.GeneratedMethodAccessor31.invoke(Unknown Source)
	at sun.reflect.DelegatingMethodAccessorImpl.invoke(Unknown Source)
	at java.lang.reflect.Method.invoke(Unknown Source)
	at net.sourceforge.jtds.jdbc.SharedSocket.createSocketForJDBC3(SharedSocket.java:305)
	at net.sourceforge.jtds.jdbc.SharedSocket.&lt;init&gt;(SharedSocket.java:255)
	at net.sourceforge.jtds.jdbc.ConnectionJDBC2.&lt;init&gt;(ConnectionJDBC2.java:323)
	... 39 more

Mai 14, 2014 11:05:46 AM org.hibernate.dialect.Dialect &lt;init&gt;
INFO: Using dialect: org.hibernate.dialect.SQLServerDialect
Mai 14, 2014 11:05:46 AM org.hibernate.transaction.TransactionFactoryFactory buildTransactionFactory
INFO: Transaction strategy: org.hibernate.transaction.JDBCTransactionFactory
Mai 14, 2014 11:05:46 AM org.hibernate.transaction.TransactionManagerLookupFactory getTransactionManagerLookup
INFO: No TransactionManagerLookup configured (in JTA environment, use of read-write or transactional second-level cache is not recommended)
Mai 14, 2014 11:05:46 AM org.hibernate.cfg.SettingsFactory buildSettings
INFO: Automatic flush during beforeCompletion(): disabled
Mai 14, 2014 11:05:46 AM org.hibernate.cfg.SettingsFactory buildSettings
INFO: Automatic session close at end of transaction: disabled
Mai 14, 2014 11:05:46 AM org.hibernate.cfg.SettingsFactory buildSettings
INFO: Scrollable result sets: disabled
Mai 14, 2014 11:05:46 AM org.hibernate.cfg.SettingsFactory buildSettings
INFO: JDBC3 getGeneratedKeys(): disabled
Mai 14, 2014 11:05:46 AM org.hibernate.cfg.SettingsFactory buildSettings
INFO: Connection release mode: auto
Mai 14, 2014 11:05:46 AM org.hibernate.cfg.SettingsFactory buildSettings
INFO: Default batch fetch size: 1
Mai 14, 2014 11:05:46 AM org.hibernate.cfg.SettingsFactory buildSettings
INFO: Generate SQL with comments: disabled
Mai 14, 2014 11:05:46 AM org.hibernate.cfg.SettingsFactory buildSettings
INFO: Order SQL updates by primary key: disabled
Mai 14, 2014 11:05:46 AM org.hibernate.cfg.SettingsFactory createQueryTranslatorFactory
INFO: Query translator: org.hibernate.hql.ast.ASTQueryTranslatorFactory
Mai 14, 2014 11:05:46 AM org.hibernate.hql.ast.ASTQueryTranslatorFactory &lt;init&gt;
INFO: Using ASTQueryTranslatorFactory
Mai 14, 2014 11:05:46 AM org.hibernate.cfg.SettingsFactory buildSettings
INFO: Query language substitutions: {}
Mai 14, 2014 11:05:46 AM org.hibernate.cfg.SettingsFactory buildSettings
INFO: JPA-QL strict compliance: enabled
Mai 14, 2014 11:05:46 AM org.hibernate.cfg.SettingsFactory buildSettings
INFO: Second-level cache: enabled
Mai 14, 2014 11:05:46 AM org.hibernate.cfg.SettingsFactory buildSettings
INFO: Query cache: disabled
Mai 14, 2014 11:05:46 AM org.hibernate.cfg.SettingsFactory createCacheProvider
INFO: Cache provider: org.hibernate.cache.NoCacheProvider
Mai 14, 2014 11:05:46 AM org.hibernate.cfg.SettingsFactory buildSettings
INFO: Optimize cache for minimal puts: disabled
Mai 14, 2014 11:05:46 AM org.hibernate.cfg.SettingsFactory buildSettings
INFO: Structured second-level cache entries: disabled
Mai 14, 2014 11:05:46 AM org.hibernate.cfg.SettingsFactory buildSettings
INFO: Echoing all SQL to stdout
Mai 14, 2014 11:05:46 AM org.hibernate.cfg.SettingsFactory buildSettings
INFO: Statistics: disabled
Mai 14, 2014 11:05:46 AM org.hibernate.cfg.SettingsFactory buildSettings
INFO: Deleted entity synthetic identifier rollback: disabled
Mai 14, 2014 11:05:46 AM org.hibernate.cfg.SettingsFactory buildSettings
INFO: Default entity-mode: pojo
Mai 14, 2014 11:05:46 AM org.hibernate.impl.SessionFactoryImpl &lt;init&gt;
INFO: building session factory
Mai 14, 2014 11:05:46 AM org.hibernate.impl.SessionFactoryObjectFactory addInstance
INFO: Not binding factory to JNDI, no JNDI name configured
Mai 14, 2014 11:05:46 AM org.hibernate.tool.hbm2ddl.SchemaExport execute
INFO: Running hbm2ddl schema export
Mai 14, 2014 11:05:46 AM org.hibernate.tool.hbm2ddl.SchemaExport execute
INFO: exporting generated schema to database
Mai 14, 2014 11:05:47 AM org.hibernate.tool.hbm2ddl.SchemaExport execute
SEVERE: schema export unsuccessful
java.sql.SQLException: Network error IOException: Connection refused: connect
	at net.sourceforge.jtds.jdbc.ConnectionJDBC2.&lt;init&gt;(ConnectionJDBC2.java:395)
	at net.sourceforge.jtds.jdbc.ConnectionJDBC3.&lt;init&gt;(ConnectionJDBC3.java:50)
	at net.sourceforge.jtds.jdbc.Driver.connect(Driver.java:184)
	at java.sql.DriverManager.getConnection(Unknown Source)
	at java.sql.DriverManager.getConnection(Unknown Source)
	at org.hibernate.connection.DriverManagerConnectionProvider.getConnection(DriverManagerConnectionProvider.java:110)
	at org.hibernate.tool.hbm2ddl.SuppliedConnectionProviderConnectionHelper.prepare(SuppliedConnectionProviderConnectionHelper.java:27)
	at org.hibernate.tool.hbm2ddl.SchemaExport.execute(SchemaExport.java:180)
	at org.hibernate.tool.hbm2ddl.SchemaExport.create(SchemaExport.java:133)
	at org.hibernate.impl.SessionFactoryImpl.&lt;init&gt;(SessionFactoryImpl.java:311)
	at org.hibernate.cfg.Configuration.buildSessionFactory(Configuration.java:1291)
	at org.hibernate.ejb.Ejb3Configuration.buildEntityManagerFactory(Ejb3Configuration.java:713)
	at org.hibernate.ejb.HibernatePersistence.createEntityManagerFactory(HibernatePersistence.java:121)
	at javax.persistence.Persistence.createEntityManagerFactory(Persistence.java:83)
	at javax.persistence.Persistence.createEntityManagerFactory(Persistence.java:60)
	at br.scrumban.infra.BaseDBTest.&lt;init&gt;(BaseDBTest.java:23)
	at br.scrumban.VendedorDBTest.&lt;init&gt;(VendedorDBTest.java:11)
	at sun.reflect.NativeConstructorAccessorImpl.newInstance0(Native Method)
	at sun.reflect.NativeConstructorAccessorImpl.newInstance(Unknown Source)
	at sun.reflect.DelegatingConstructorAccessorImpl.newInstance(Unknown Source)
	at java.lang.reflect.Constructor.newInstance(Unknown Source)
	at junit.framework.TestSuite.createTest(TestSuite.java:56)
	at junit.framework.TestSuite.addTestMethod(TestSuite.java:279)
	at junit.framework.TestSuite.&lt;init&gt;(TestSuite.java:142)
	at org.junit.internal.runners.OldTestClassRunner.&lt;init&gt;(OldTestClassRunner.java:23)
	at sun.reflect.NativeConstructorAccessorImpl.newInstance0(Native Method)
	at sun.reflect.NativeConstructorAccessorImpl.newInstance(Unknown Source)
	at sun.reflect.DelegatingConstructorAccessorImpl.newInstance(Unknown Source)
	at java.lang.reflect.Constructor.newInstance(Unknown Source)
	at org.junit.internal.requests.ClassRequest.getRunner(ClassRequest.java:27)
	at org.apache.maven.surefire.junit4.JUnit4TestSet.execute(JUnit4TestSet.java:51)
	at org.apache.maven.surefire.junit4.JUnit4Provider.executeTestSet(JUnit4Provider.java:123)
	at org.apache.maven.surefire.junit4.JUnit4Provider.invoke(JUnit4Provider.java:104)
	at sun.reflect.NativeMethodAccessorImpl.invoke0(Native Method)
	at sun.reflect.NativeMethodAccessorImpl.invoke(Unknown Source)
	at sun.reflect.DelegatingMethodAccessorImpl.invoke(Unknown Source)
	at java.lang.reflect.Method.invoke(Unknown Source)
	at org.apache.maven.surefire.util.ReflectionUtils.invokeMethodWithArray(ReflectionUtils.java:164)
	at org.apache.maven.surefire.booter.ProviderFactory$ProviderProxy.invoke(ProviderFactory.java:110)
	at org.apache.maven.surefire.booter.SurefireStarter.invokeProvider(SurefireStarter.java:175)
	at org.apache.maven.surefire.booter.SurefireStarter.runSuitesInProcessWhenForked(SurefireStarter.java:107)
	at org.apache.maven.surefire.booter.ForkedBooter.main(ForkedBooter.java:68)
Caused by: java.net.ConnectException: Connection refused: connect
	at java.net.DualStackPlainSocketImpl.connect0(Native Method)
	at java.net.DualStackPlainSocketImpl.socketConnect(Unknown Source)
	at java.net.AbstractPlainSocketImpl.doConnect(Unknown Source)
	at java.net.AbstractPlainSocketImpl.connectToAddress(Unknown Source)
	at java.net.AbstractPlainSocketImpl.connect(Unknown Source)
	at java.net.PlainSocketImpl.connect(Unknown Source)
	at java.net.SocksSocketImpl.connect(Unknown Source)
	at java.net.Socket.connect(Unknown Source)
	at sun.reflect.GeneratedMethodAccessor31.invoke(Unknown Source)
	at sun.reflect.DelegatingMethodAccessorImpl.invoke(Unknown Source)
	at java.lang.reflect.Method.invoke(Unknown Source)
	at net.sourceforge.jtds.jdbc.SharedSocket.createSocketForJDBC3(SharedSocket.java:305)
	at net.sourceforge.jtds.jdbc.SharedSocket.&lt;init&gt;(SharedSocket.java:255)
	at net.sourceforge.jtds.jdbc.ConnectionJDBC2.&lt;init&gt;(ConnectionJDBC2.java:323)
	... 41 more

Mai 14, 2014 11:05:47 AM org.hibernate.cfg.AnnotationBinder bindClass
INFO: Binding entity from annotated class: br.scrumban.Vendedor
Mai 14, 2014 11:05:47 AM org.hibernate.cfg.annotations.EntityBinder bindTable
INFO: Bind entity br.scrumban.Vendedor on table Vendedor
Mai 14, 2014 11:05:47 AM org.hibernate.cfg.AnnotationBinder bindClass
INFO: Binding entity from annotated class: br.scrumban.Venda
Mai 14, 2014 11:05:47 AM org.hibernate.cfg.annotations.EntityBinder bindTable
INFO: Bind entity br.scrumban.Venda on table Venda
Mai 14, 2014 11:05:47 AM org.hibernate.cfg.AnnotationBinder bindClass
INFO: Binding entity from annotated class: br.scrumban.VendaVendedor
Mai 14, 2014 11:05:47 AM org.hibernate.cfg.annotations.EntityBinder bindTable
INFO: Bind entity br.scrumban.VendaVendedor on table VendaVendedor
Mai 14, 2014 11:05:47 AM org.hibernate.connection.DriverManagerConnectionProvider configure
INFO: Using Hibernate built-in connection pool (not for production use!)
Mai 14, 2014 11:05:47 AM org.hibernate.connection.DriverManagerConnectionProvider configure
INFO: Hibernate connection pool size: 20
Mai 14, 2014 11:05:47 AM org.hibernate.connection.DriverManagerConnectionProvider configure
INFO: autocommit mode: true
Mai 14, 2014 11:05:47 AM org.hibernate.connection.DriverManagerConnectionProvider configure
INFO: using driver: net.sourceforge.jtds.jdbc.Driver at URL: jdbc:jtds:SQLServer://localhost:1433/dojoJava
Mai 14, 2014 11:05:47 AM org.hibernate.connection.DriverManagerConnectionProvider configure
INFO: connection properties: {user=sa, password=****, autocommit=true, release_mode=auto}
Mai 14, 2014 11:05:48 AM org.hibernate.cfg.SettingsFactory buildSettings
WARNING: Could not obtain connection metadata
java.sql.SQLException: Network error IOException: Connection refused: connect
	at net.sourceforge.jtds.jdbc.ConnectionJDBC2.&lt;init&gt;(ConnectionJDBC2.java:395)
	at net.sourceforge.jtds.jdbc.ConnectionJDBC3.&lt;init&gt;(ConnectionJDBC3.java:50)
	at net.sourceforge.jtds.jdbc.Driver.connect(Driver.java:184)
	at java.sql.DriverManager.getConnection(Unknown Source)
	at java.sql.DriverManager.getConnection(Unknown Source)
	at org.hibernate.connection.DriverManagerConnectionProvider.getConnection(DriverManagerConnectionProvider.java:110)
	at org.hibernate.cfg.SettingsFactory.buildSettings(SettingsFactory.java:76)
	at org.hibernate.cfg.Configuration.buildSettings(Configuration.java:2006)
	at org.hibernate.cfg.Configuration.buildSessionFactory(Configuration.java:1289)
	at org.hibernate.ejb.Ejb3Configuration.buildEntityManagerFactory(Ejb3Configuration.java:713)
	at org.hibernate.ejb.HibernatePersistence.createEntityManagerFactory(HibernatePersistence.java:121)
	at javax.persistence.Persistence.createEntityManagerFactory(Persistence.java:83)
	at javax.persistence.Persistence.createEntityManagerFactory(Persistence.java:60)
	at br.scrumban.infra.BaseDBTest.&lt;init&gt;(BaseDBTest.java:23)
	at br.scrumban.VendedorDBTest.&lt;init&gt;(VendedorDBTest.java:11)
	at sun.reflect.NativeConstructorAccessorImpl.newInstance0(Native Method)
	at sun.reflect.NativeConstructorAccessorImpl.newInstance(Unknown Source)
	at sun.reflect.DelegatingConstructorAccessorImpl.newInstance(Unknown Source)
	at java.lang.reflect.Constructor.newInstance(Unknown Source)
	at junit.framework.TestSuite.createTest(TestSuite.java:56)
	at junit.framework.TestSuite.addTestMethod(TestSuite.java:279)
	at junit.framework.TestSuite.&lt;init&gt;(TestSuite.java:142)
	at org.junit.internal.runners.OldTestClassRunner.&lt;init&gt;(OldTestClassRunner.java:23)
	at sun.reflect.NativeConstructorAccessorImpl.newInstance0(Native Method)
	at sun.reflect.NativeConstructorAccessorImpl.newInstance(Unknown Source)
	at sun.reflect.DelegatingConstructorAccessorImpl.newInstance(Unknown Source)
	at java.lang.reflect.Constructor.newInstance(Unknown Source)
	at org.junit.internal.requests.ClassRequest.getRunner(ClassRequest.java:27)
	at org.apache.maven.surefire.junit4.JUnit4TestSet.execute(JUnit4TestSet.java:51)
	at org.apache.maven.surefire.junit4.JUnit4Provider.executeTestSet(JUnit4Provider.java:123)
	at org.apache.maven.surefire.junit4.JUnit4Provider.invoke(JUnit4Provider.java:104)
	at sun.reflect.NativeMethodAccessorImpl.invoke0(Native Method)
	at sun.reflect.NativeMethodAccessorImpl.invoke(Unknown Source)
	at sun.reflect.DelegatingMethodAccessorImpl.invoke(Unknown Source)
	at java.lang.reflect.Method.invoke(Unknown Source)
	at org.apache.maven.surefire.util.ReflectionUtils.invokeMethodWithArray(ReflectionUtils.java:164)
	at org.apache.maven.surefire.booter.ProviderFactory$ProviderProxy.invoke(ProviderFactory.java:110)
	at org.apache.maven.surefire.booter.SurefireStarter.invokeProvider(SurefireStarter.java:175)
	at org.apache.maven.surefire.booter.SurefireStarter.runSuitesInProcessWhenForked(SurefireStarter.java:107)
	at org.apache.maven.surefire.booter.ForkedBooter.main(ForkedBooter.java:68)
Caused by: java.net.ConnectException: Connection refused: connect
	at java.net.DualStackPlainSocketImpl.connect0(Native Method)
	at java.net.DualStackPlainSocketImpl.socketConnect(Unknown Source)
	at java.net.AbstractPlainSocketImpl.doConnect(Unknown Source)
	at java.net.AbstractPlainSocketImpl.connectToAddress(Unknown Source)
	at java.net.AbstractPlainSocketImpl.connect(Unknown Source)
	at java.net.PlainSocketImpl.connect(Unknown Source)
	at java.net.SocksSocketImpl.connect(Unknown Source)
	at java.net.Socket.connect(Unknown Source)
	at sun.reflect.GeneratedMethodAccessor31.invoke(Unknown Source)
	at sun.reflect.DelegatingMethodAccessorImpl.invoke(Unknown Source)
	at java.lang.reflect.Method.invoke(Unknown Source)
	at net.sourceforge.jtds.jdbc.SharedSocket.createSocketForJDBC3(SharedSocket.java:305)
	at net.sourceforge.jtds.jdbc.SharedSocket.&lt;init&gt;(SharedSocket.java:255)
	at net.sourceforge.jtds.jdbc.ConnectionJDBC2.&lt;init&gt;(ConnectionJDBC2.java:323)
	... 39 more

Mai 14, 2014 11:05:48 AM org.hibernate.dialect.Dialect &lt;init&gt;
INFO: Using dialect: org.hibernate.dialect.SQLServerDialect
Mai 14, 2014 11:05:48 AM org.hibernate.transaction.TransactionFactoryFactory buildTransactionFactory
INFO: Transaction strategy: org.hibernate.transaction.JDBCTransactionFactory
Mai 14, 2014 11:05:48 AM org.hibernate.transaction.TransactionManagerLookupFactory getTransactionManagerLookup
INFO: No TransactionManagerLookup configured (in JTA environment, use of read-write or transactional second-level cache is not recommended)
Mai 14, 2014 11:05:48 AM org.hibernate.cfg.SettingsFactory buildSettings
INFO: Automatic flush during beforeCompletion(): disabled
Mai 14, 2014 11:05:48 AM org.hibernate.cfg.SettingsFactory buildSettings
INFO: Automatic session close at end of transaction: disabled
Mai 14, 2014 11:05:48 AM org.hibernate.cfg.SettingsFactory buildSettings
INFO: Scrollable result sets: disabled
Mai 14, 2014 11:05:48 AM org.hibernate.cfg.SettingsFactory buildSettings
INFO: JDBC3 getGeneratedKeys(): disabled
Mai 14, 2014 11:05:48 AM org.hibernate.cfg.SettingsFactory buildSettings
INFO: Connection release mode: auto
Mai 14, 2014 11:05:48 AM org.hibernate.cfg.SettingsFactory buildSettings
INFO: Default batch fetch size: 1
Mai 14, 2014 11:05:48 AM org.hibernate.cfg.SettingsFactory buildSettings
INFO: Generate SQL with comments: disabled
Mai 14, 2014 11:05:48 AM org.hibernate.cfg.SettingsFactory buildSettings
INFO: Order SQL updates by primary key: disabled
Mai 14, 2014 11:05:48 AM org.hibernate.cfg.SettingsFactory createQueryTranslatorFactory
INFO: Query translator: org.hibernate.hql.ast.ASTQueryTranslatorFactory
Mai 14, 2014 11:05:48 AM org.hibernate.hql.ast.ASTQueryTranslatorFactory &lt;init&gt;
INFO: Using ASTQueryTranslatorFactory
Mai 14, 2014 11:05:48 AM org.hibernate.cfg.SettingsFactory buildSettings
INFO: Query language substitutions: {}
Mai 14, 2014 11:05:48 AM org.hibernate.cfg.SettingsFactory buildSettings
INFO: JPA-QL strict compliance: enabled
Mai 14, 2014 11:05:48 AM org.hibernate.cfg.SettingsFactory buildSettings
INFO: Second-level cache: enabled
Mai 14, 2014 11:05:48 AM org.hibernate.cfg.SettingsFactory buildSettings
INFO: Query cache: disabled
Mai 14, 2014 11:05:48 AM org.hibernate.cfg.SettingsFactory createCacheProvider
INFO: Cache provider: org.hibernate.cache.NoCacheProvider
Mai 14, 2014 11:05:48 AM org.hibernate.cfg.SettingsFactory buildSettings
INFO: Optimize cache for minimal puts: disabled
Mai 14, 2014 11:05:48 AM org.hibernate.cfg.SettingsFactory buildSettings
INFO: Structured second-level cache entries: disabled
Mai 14, 2014 11:05:48 AM org.hibernate.cfg.SettingsFactory buildSettings
INFO: Echoing all SQL to stdout
Mai 14, 2014 11:05:48 AM org.hibernate.cfg.SettingsFactory buildSettings
INFO: Statistics: disabled
Mai 14, 2014 11:05:48 AM org.hibernate.cfg.SettingsFactory buildSettings
INFO: Deleted entity synthetic identifier rollback: disabled
Mai 14, 2014 11:05:48 AM org.hibernate.cfg.SettingsFactory buildSettings
INFO: Default entity-mode: pojo
Mai 14, 2014 11:05:48 AM org.hibernate.impl.SessionFactoryImpl &lt;init&gt;
INFO: building session factory
Mai 14, 2014 11:05:48 AM org.hibernate.impl.SessionFactoryObjectFactory addInstance
INFO: Not binding factory to JNDI, no JNDI name configured
Mai 14, 2014 11:05:48 AM org.hibernate.tool.hbm2ddl.SchemaExport execute
INFO: Running hbm2ddl schema export
Mai 14, 2014 11:05:48 AM org.hibernate.tool.hbm2ddl.SchemaExport execute
INFO: exporting generated schema to database
Mai 14, 2014 11:05:49 AM org.hibernate.tool.hbm2ddl.SchemaExport execute
SEVERE: schema export unsuccessful
java.sql.SQLException: Network error IOException: Connection refused: connect
	at net.sourceforge.jtds.jdbc.ConnectionJDBC2.&lt;init&gt;(ConnectionJDBC2.java:395)
	at net.sourceforge.jtds.jdbc.ConnectionJDBC3.&lt;init&gt;(ConnectionJDBC3.java:50)
	at net.sourceforge.jtds.jdbc.Driver.connect(Driver.java:184)
	at java.sql.DriverManager.getConnection(Unknown Source)
	at java.sql.DriverManager.getConnection(Unknown Source)
	at org.hibernate.connection.DriverManagerConnectionProvider.getConnection(DriverManagerConnectionProvider.java:110)
	at org.hibernate.tool.hbm2ddl.SuppliedConnectionProviderConnectionHelper.prepare(SuppliedConnectionProviderConnectionHelper.java:27)
	at org.hibernate.tool.hbm2ddl.SchemaExport.execute(SchemaExport.java:180)
	at org.hibernate.tool.hbm2ddl.SchemaExport.create(SchemaExport.java:133)
	at org.hibernate.impl.SessionFactoryImpl.&lt;init&gt;(SessionFactoryImpl.java:311)
	at org.hibernate.cfg.Configuration.buildSessionFactory(Configuration.java:1291)
	at org.hibernate.ejb.Ejb3Configuration.buildEntityManagerFactory(Ejb3Configuration.java:713)
	at org.hibernate.ejb.HibernatePersistence.createEntityManagerFactory(HibernatePersistence.java:121)
	at javax.persistence.Persistence.createEntityManagerFactory(Persistence.java:83)
	at javax.persistence.Persistence.createEntityManagerFactory(Persistence.java:60)
	at br.scrumban.infra.BaseDBTest.&lt;init&gt;(BaseDBTest.java:23)
	at br.scrumban.VendedorDBTest.&lt;init&gt;(VendedorDBTest.java:11)
	at sun.reflect.NativeConstructorAccessorImpl.newInstance0(Native Method)
	at sun.reflect.NativeConstructorAccessorImpl.newInstance(Unknown Source)
	at sun.reflect.DelegatingConstructorAccessorImpl.newInstance(Unknown Source)
	at java.lang.reflect.Constructor.newInstance(Unknown Source)
	at junit.framework.TestSuite.createTest(TestSuite.java:56)
	at junit.framework.TestSuite.addTestMethod(TestSuite.java:279)
	at junit.framework.TestSuite.&lt;init&gt;(TestSuite.java:142)
	at org.junit.internal.runners.OldTestClassRunner.&lt;init&gt;(OldTestClassRunner.java:23)
	at sun.reflect.NativeConstructorAccessorImpl.newInstance0(Native Method)
	at sun.reflect.NativeConstructorAccessorImpl.newInstance(Unknown Source)
	at sun.reflect.DelegatingConstructorAccessorImpl.newInstance(Unknown Source)
	at java.lang.reflect.Constructor.newInstance(Unknown Source)
	at org.junit.internal.requests.ClassRequest.getRunner(ClassRequest.java:27)
	at org.apache.maven.surefire.junit4.JUnit4TestSet.execute(JUnit4TestSet.java:51)
	at org.apache.maven.surefire.junit4.JUnit4Provider.executeTestSet(JUnit4Provider.java:123)
	at org.apache.maven.surefire.junit4.JUnit4Provider.invoke(JUnit4Provider.java:104)
	at sun.reflect.NativeMethodAccessorImpl.invoke0(Native Method)
	at sun.reflect.NativeMethodAccessorImpl.invoke(Unknown Source)
	at sun.reflect.DelegatingMethodAccessorImpl.invoke(Unknown Source)
	at java.lang.reflect.Method.invoke(Unknown Source)
	at org.apache.maven.surefire.util.ReflectionUtils.invokeMethodWithArray(ReflectionUtils.java:164)
	at org.apache.maven.surefire.booter.ProviderFactory$ProviderProxy.invoke(ProviderFactory.java:110)
	at org.apache.maven.surefire.booter.SurefireStarter.invokeProvider(SurefireStarter.java:175)
	at org.apache.maven.surefire.booter.SurefireStarter.runSuitesInProcessWhenForked(SurefireStarter.java:107)
	at org.apache.maven.surefire.booter.ForkedBooter.main(ForkedBooter.java:68)
Caused by: java.net.ConnectException: Connection refused: connect
	at java.net.DualStackPlainSocketImpl.connect0(Native Method)
	at java.net.DualStackPlainSocketImpl.socketConnect(Unknown Source)
	at java.net.AbstractPlainSocketImpl.doConnect(Unknown Source)
	at java.net.AbstractPlainSocketImpl.connectToAddress(Unknown Source)
	at java.net.AbstractPlainSocketImpl.connect(Unknown Source)
	at java.net.PlainSocketImpl.connect(Unknown Source)
	at java.net.SocksSocketImpl.connect(Unknown Source)
	at java.net.Socket.connect(Unknown Source)
	at sun.reflect.GeneratedMethodAccessor31.invoke(Unknown Source)
	at sun.reflect.DelegatingMethodAccessorImpl.invoke(Unknown Source)
	at java.lang.reflect.Method.invoke(Unknown Source)
	at net.sourceforge.jtds.jdbc.SharedSocket.createSocketForJDBC3(SharedSocket.java:305)
	at net.sourceforge.jtds.jdbc.SharedSocket.&lt;init&gt;(SharedSocket.java:255)
	at net.sourceforge.jtds.jdbc.ConnectionJDBC2.&lt;init&gt;(ConnectionJDBC2.java:323)
	... 41 more

Mai 14, 2014 11:05:49 AM org.hibernate.cfg.AnnotationBinder bindClass
INFO: Binding entity from annotated class: br.scrumban.Vendedor
Mai 14, 2014 11:05:49 AM org.hibernate.cfg.annotations.EntityBinder bindTable
INFO: Bind entity br.scrumban.Vendedor on table Vendedor
Mai 14, 2014 11:05:49 AM org.hibernate.cfg.AnnotationBinder bindClass
INFO: Binding entity from annotated class: br.scrumban.Venda
Mai 14, 2014 11:05:49 AM org.hibernate.cfg.annotations.EntityBinder bindTable
INFO: Bind entity br.scrumban.Venda on table Venda
Mai 14, 2014 11:05:49 AM org.hibernate.cfg.AnnotationBinder bindClass
INFO: Binding entity from annotated class: br.scrumban.VendaVendedor
Mai 14, 2014 11:05:49 AM org.hibernate.cfg.annotations.EntityBinder bindTable
INFO: Bind entity br.scrumban.VendaVendedor on table VendaVendedor
Mai 14, 2014 11:05:49 AM org.hibernate.connection.DriverManagerConnectionProvider configure
INFO: Using Hibernate built-in connection pool (not for production use!)
Mai 14, 2014 11:05:49 AM org.hibernate.connection.DriverManagerConnectionProvider configure
INFO: Hibernate connection pool size: 20
Mai 14, 2014 11:05:49 AM org.hibernate.connection.DriverManagerConnectionProvider configure
INFO: autocommit mode: true
Mai 14, 2014 11:05:49 AM org.hibernate.connection.DriverManagerConnectionProvider configure
INFO: using driver: net.sourceforge.jtds.jdbc.Driver at URL: jdbc:jtds:SQLServer://localhost:1433/dojoJava
Mai 14, 2014 11:05:49 AM org.hibernate.connection.DriverManagerConnectionProvider configure
INFO: connection properties: {user=sa, password=****, autocommit=true, release_mode=auto}
Mai 14, 2014 11:05:50 AM org.hibernate.cfg.SettingsFactory buildSettings
WARNING: Could not obtain connection metadata
java.sql.SQLException: Network error IOException: Connection refused: connect
	at net.sourceforge.jtds.jdbc.ConnectionJDBC2.&lt;init&gt;(ConnectionJDBC2.java:395)
	at net.sourceforge.jtds.jdbc.ConnectionJDBC3.&lt;init&gt;(ConnectionJDBC3.java:50)
	at net.sourceforge.jtds.jdbc.Driver.connect(Driver.java:184)
	at java.sql.DriverManager.getConnection(Unknown Source)
	at java.sql.DriverManager.getConnection(Unknown Source)
	at org.hibernate.connection.DriverManagerConnectionProvider.getConnection(DriverManagerConnectionProvider.java:110)
	at org.hibernate.cfg.SettingsFactory.buildSettings(SettingsFactory.java:76)
	at org.hibernate.cfg.Configuration.buildSettings(Configuration.java:2006)
	at org.hibernate.cfg.Configuration.buildSessionFactory(Configuration.java:1289)
	at org.hibernate.ejb.Ejb3Configuration.buildEntityManagerFactory(Ejb3Configuration.java:713)
	at org.hibernate.ejb.HibernatePersistence.createEntityManagerFactory(HibernatePersistence.java:121)
	at javax.persistence.Persistence.createEntityManagerFactory(Persistence.java:83)
	at javax.persistence.Persistence.createEntityManagerFactory(Persistence.java:60)
	at br.scrumban.infra.BaseDBTest.&lt;init&gt;(BaseDBTest.java:23)
	at br.scrumban.VendedorDBTest.&lt;init&gt;(VendedorDBTest.java:11)
	at sun.reflect.NativeConstructorAccessorImpl.newInstance0(Native Method)
	at sun.reflect.NativeConstructorAccessorImpl.newInstance(Unknown Source)
	at sun.reflect.DelegatingConstructorAccessorImpl.newInstance(Unknown Source)
	at java.lang.reflect.Constructor.newInstance(Unknown Source)
	at junit.framework.TestSuite.createTest(TestSuite.java:56)
	at junit.framework.TestSuite.addTestMethod(TestSuite.java:279)
	at junit.framework.TestSuite.&lt;init&gt;(TestSuite.java:142)
	at org.junit.internal.runners.OldTestClassRunner.&lt;init&gt;(OldTestClassRunner.java:23)
	at sun.reflect.NativeConstructorAccessorImpl.newInstance0(Native Method)
	at sun.reflect.NativeConstructorAccessorImpl.newInstance(Unknown Source)
	at sun.reflect.DelegatingConstructorAccessorImpl.newInstance(Unknown Source)
	at java.lang.reflect.Constructor.newInstance(Unknown Source)
	at org.junit.internal.requests.ClassRequest.getRunner(ClassRequest.java:27)
	at org.apache.maven.surefire.junit4.JUnit4TestSet.execute(JUnit4TestSet.java:51)
	at org.apache.maven.surefire.junit4.JUnit4Provider.executeTestSet(JUnit4Provider.java:123)
	at org.apache.maven.surefire.junit4.JUnit4Provider.invoke(JUnit4Provider.java:104)
	at sun.reflect.NativeMethodAccessorImpl.invoke0(Native Method)
	at sun.reflect.NativeMethodAccessorImpl.invoke(Unknown Source)
	at sun.reflect.DelegatingMethodAccessorImpl.invoke(Unknown Source)
	at java.lang.reflect.Method.invoke(Unknown Source)
	at org.apache.maven.surefire.util.ReflectionUtils.invokeMethodWithArray(ReflectionUtils.java:164)
	at org.apache.maven.surefire.booter.ProviderFactory$ProviderProxy.invoke(ProviderFactory.java:110)
	at org.apache.maven.surefire.booter.SurefireStarter.invokeProvider(SurefireStarter.java:175)
	at org.apache.maven.surefire.booter.SurefireStarter.runSuitesInProcessWhenForked(SurefireStarter.java:107)
	at org.apache.maven.surefire.booter.ForkedBooter.main(ForkedBooter.java:68)
Caused by: java.net.ConnectException: Connection refused: connect
	at java.net.DualStackPlainSocketImpl.connect0(Native Method)
	at java.net.DualStackPlainSocketImpl.socketConnect(Unknown Source)
	at java.net.AbstractPlainSocketImpl.doConnect(Unknown Source)
	at java.net.AbstractPlainSocketImpl.connectToAddress(Unknown Source)
	at java.net.AbstractPlainSocketImpl.connect(Unknown Source)
	at java.net.PlainSocketImpl.connect(Unknown Source)
	at java.net.SocksSocketImpl.connect(Unknown Source)
	at java.net.Socket.connect(Unknown Source)
	at sun.reflect.GeneratedMethodAccessor31.invoke(Unknown Source)
	at sun.reflect.DelegatingMethodAccessorImpl.invoke(Unknown Source)
	at java.lang.reflect.Method.invoke(Unknown Source)
	at net.sourceforge.jtds.jdbc.SharedSocket.createSocketForJDBC3(SharedSocket.java:305)
	at net.sourceforge.jtds.jdbc.SharedSocket.&lt;init&gt;(SharedSocket.java:255)
	at net.sourceforge.jtds.jdbc.ConnectionJDBC2.&lt;init&gt;(ConnectionJDBC2.java:323)
	... 39 more

Mai 14, 2014 11:05:50 AM org.hibernate.dialect.Dialect &lt;init&gt;
INFO: Using dialect: org.hibernate.dialect.SQLServerDialect
Mai 14, 2014 11:05:50 AM org.hibernate.transaction.TransactionFactoryFactory buildTransactionFactory
INFO: Transaction strategy: org.hibernate.transaction.JDBCTransactionFactory
Mai 14, 2014 11:05:50 AM org.hibernate.transaction.TransactionManagerLookupFactory getTransactionManagerLookup
INFO: No TransactionManagerLookup configured (in JTA environment, use of read-write or transactional second-level cache is not recommended)
Mai 14, 2014 11:05:50 AM org.hibernate.cfg.SettingsFactory buildSettings
INFO: Automatic flush during beforeCompletion(): disabled
Mai 14, 2014 11:05:50 AM org.hibernate.cfg.SettingsFactory buildSettings
INFO: Automatic session close at end of transaction: disabled
Mai 14, 2014 11:05:50 AM org.hibernate.cfg.SettingsFactory buildSettings
INFO: Scrollable result sets: disabled
Mai 14, 2014 11:05:50 AM org.hibernate.cfg.SettingsFactory buildSettings
INFO: JDBC3 getGeneratedKeys(): disabled
Mai 14, 2014 11:05:50 AM org.hibernate.cfg.SettingsFactory buildSettings
INFO: Connection release mode: auto
Mai 14, 2014 11:05:50 AM org.hibernate.cfg.SettingsFactory buildSettings
INFO: Default batch fetch size: 1
Mai 14, 2014 11:05:50 AM org.hibernate.cfg.SettingsFactory buildSettings
INFO: Generate SQL with comments: disabled
Mai 14, 2014 11:05:50 AM org.hibernate.cfg.SettingsFactory buildSettings
INFO: Order SQL updates by primary key: disabled
Mai 14, 2014 11:05:50 AM org.hibernate.cfg.SettingsFactory createQueryTranslatorFactory
INFO: Query translator: org.hibernate.hql.ast.ASTQueryTranslatorFactory
Mai 14, 2014 11:05:50 AM org.hibernate.hql.ast.ASTQueryTranslatorFactory &lt;init&gt;
INFO: Using ASTQueryTranslatorFactory
Mai 14, 2014 11:05:50 AM org.hibernate.cfg.SettingsFactory buildSettings
INFO: Query language substitutions: {}
Mai 14, 2014 11:05:50 AM org.hibernate.cfg.SettingsFactory buildSettings
INFO: JPA-QL strict compliance: enabled
Mai 14, 2014 11:05:50 AM org.hibernate.cfg.SettingsFactory buildSettings
INFO: Second-level cache: enabled
Mai 14, 2014 11:05:50 AM org.hibernate.cfg.SettingsFactory buildSettings
INFO: Query cache: disabled
Mai 14, 2014 11:05:50 AM org.hibernate.cfg.SettingsFactory createCacheProvider
INFO: Cache provider: org.hibernate.cache.NoCacheProvider
Mai 14, 2014 11:05:50 AM org.hibernate.cfg.SettingsFactory buildSettings
INFO: Optimize cache for minimal puts: disabled
Mai 14, 2014 11:05:50 AM org.hibernate.cfg.SettingsFactory buildSettings
INFO: Structured second-level cache entries: disabled
Mai 14, 2014 11:05:50 AM org.hibernate.cfg.SettingsFactory buildSettings
INFO: Echoing all SQL to stdout
Mai 14, 2014 11:05:50 AM org.hibernate.cfg.SettingsFactory buildSettings
INFO: Statistics: disabled
Mai 14, 2014 11:05:50 AM org.hibernate.cfg.SettingsFactory buildSettings
INFO: Deleted entity synthetic identifier rollback: disabled
Mai 14, 2014 11:05:50 AM org.hibernate.cfg.SettingsFactory buildSettings
INFO: Default entity-mode: pojo
Mai 14, 2014 11:05:50 AM org.hibernate.impl.SessionFactoryImpl &lt;init&gt;
INFO: building session factory
Mai 14, 2014 11:05:50 AM org.hibernate.impl.SessionFactoryObjectFactory addInstance
INFO: Not binding factory to JNDI, no JNDI name configured
Mai 14, 2014 11:05:50 AM org.hibernate.tool.hbm2ddl.SchemaExport execute
INFO: Running hbm2ddl schema export
Mai 14, 2014 11:05:50 AM org.hibernate.tool.hbm2ddl.SchemaExport execute
INFO: exporting generated schema to database
Mai 14, 2014 11:05:51 AM org.hibernate.tool.hbm2ddl.SchemaExport execute
SEVERE: schema export unsuccessful
java.sql.SQLException: Network error IOException: Connection refused: connect
	at net.sourceforge.jtds.jdbc.ConnectionJDBC2.&lt;init&gt;(ConnectionJDBC2.java:395)
	at net.sourceforge.jtds.jdbc.ConnectionJDBC3.&lt;init&gt;(ConnectionJDBC3.java:50)
	at net.sourceforge.jtds.jdbc.Driver.connect(Driver.java:184)
	at java.sql.DriverManager.getConnection(Unknown Source)
	at java.sql.DriverManager.getConnection(Unknown Source)
	at org.hibernate.connection.DriverManagerConnectionProvider.getConnection(DriverManagerConnectionProvider.java:110)
	at org.hibernate.tool.hbm2ddl.SuppliedConnectionProviderConnectionHelper.prepare(SuppliedConnectionProviderConnectionHelper.java:27)
	at org.hibernate.tool.hbm2ddl.SchemaExport.execute(SchemaExport.java:180)
	at org.hibernate.tool.hbm2ddl.SchemaExport.create(SchemaExport.java:133)
	at org.hibernate.impl.SessionFactoryImpl.&lt;init&gt;(SessionFactoryImpl.java:311)
	at org.hibernate.cfg.Configuration.buildSessionFactory(Configuration.java:1291)
	at org.hibernate.ejb.Ejb3Configuration.buildEntityManagerFactory(Ejb3Configuration.java:713)
	at org.hibernate.ejb.HibernatePersistence.createEntityManagerFactory(HibernatePersistence.java:121)
	at javax.persistence.Persistence.createEntityManagerFactory(Persistence.java:83)
	at javax.persistence.Persistence.createEntityManagerFactory(Persistence.java:60)
	at br.scrumban.infra.BaseDBTest.&lt;init&gt;(BaseDBTest.java:23)
	at br.scrumban.VendedorDBTest.&lt;init&gt;(VendedorDBTest.java:11)
	at sun.reflect.NativeConstructorAccessorImpl.newInstance0(Native Method)
	at sun.reflect.NativeConstructorAccessorImpl.newInstance(Unknown Source)
	at sun.reflect.DelegatingConstructorAccessorImpl.newInstance(Unknown Source)
	at java.lang.reflect.Constructor.newInstance(Unknown Source)
	at junit.framework.TestSuite.createTest(TestSuite.java:56)
	at junit.framework.TestSuite.addTestMethod(TestSuite.java:279)
	at junit.framework.TestSuite.&lt;init&gt;(TestSuite.java:142)
	at org.junit.internal.runners.OldTestClassRunner.&lt;init&gt;(OldTestClassRunner.java:23)
	at sun.reflect.NativeConstructorAccessorImpl.newInstance0(Native Method)
	at sun.reflect.NativeConstructorAccessorImpl.newInstance(Unknown Source)
	at sun.reflect.DelegatingConstructorAccessorImpl.newInstance(Unknown Source)
	at java.lang.reflect.Constructor.newInstance(Unknown Source)
	at org.junit.internal.requests.ClassRequest.getRunner(ClassRequest.java:27)
	at org.apache.maven.surefire.junit4.JUnit4TestSet.execute(JUnit4TestSet.java:51)
	at org.apache.maven.surefire.junit4.JUnit4Provider.executeTestSet(JUnit4Provider.java:123)
	at org.apache.maven.surefire.junit4.JUnit4Provider.invoke(JUnit4Provider.java:104)
	at sun.reflect.NativeMethodAccessorImpl.invoke0(Native Method)
	at sun.reflect.NativeMethodAccessorImpl.invoke(Unknown Source)
	at sun.reflect.DelegatingMethodAccessorImpl.invoke(Unknown Source)
	at java.lang.reflect.Method.invoke(Unknown Source)
	at org.apache.maven.surefire.util.ReflectionUtils.invokeMethodWithArray(ReflectionUtils.java:164)
	at org.apache.maven.surefire.booter.ProviderFactory$ProviderProxy.invoke(ProviderFactory.java:110)
	at org.apache.maven.surefire.booter.SurefireStarter.invokeProvider(SurefireStarter.java:175)
	at org.apache.maven.surefire.booter.SurefireStarter.runSuitesInProcessWhenForked(SurefireStarter.java:107)
	at org.apache.maven.surefire.booter.ForkedBooter.main(ForkedBooter.java:68)
Caused by: java.net.ConnectException: Connection refused: connect
	at java.net.DualStackPlainSocketImpl.connect0(Native Method)
	at java.net.DualStackPlainSocketImpl.socketConnect(Unknown Source)
	at java.net.AbstractPlainSocketImpl.doConnect(Unknown Source)
	at java.net.AbstractPlainSocketImpl.connectToAddress(Unknown Source)
	at java.net.AbstractPlainSocketImpl.connect(Unknown Source)
	at java.net.PlainSocketImpl.connect(Unknown Source)
	at java.net.SocksSocketImpl.connect(Unknown Source)
	at java.net.Socket.connect(Unknown Source)
	at sun.reflect.GeneratedMethodAccessor31.invoke(Unknown Source)
	at sun.reflect.DelegatingMethodAccessorImpl.invoke(Unknown Source)
	at java.lang.reflect.Method.invoke(Unknown Source)
	at net.sourceforge.jtds.jdbc.SharedSocket.createSocketForJDBC3(SharedSocket.java:305)
	at net.sourceforge.jtds.jdbc.SharedSocket.&lt;init&gt;(SharedSocket.java:255)
	at net.sourceforge.jtds.jdbc.ConnectionJDBC2.&lt;init&gt;(ConnectionJDBC2.java:323)
	... 41 more

Mai 14, 2014 11:05:52 AM org.hibernate.util.JDBCExceptionReporter logExceptions
WARNING: SQL Error: 0, SQLState: 08S01
Mai 14, 2014 11:05:52 AM org.hibernate.util.JDBCExceptionReporter logExceptions
SEVERE: Network error IOException: Connection refused: connect
org.hibernate.exception.JDBCConnectionException: Cannot open connection
	at org.hibernate.exception.SQLStateConverter.convert(SQLStateConverter.java:74)
	at org.hibernate.exception.JDBCExceptionHelper.convert(JDBCExceptionHelper.java:43)
	at org.hibernate.exception.JDBCExceptionHelper.convert(JDBCExceptionHelper.java:29)
	at org.hibernate.jdbc.ConnectionManager.openConnection(ConnectionManager.java:420)
	at org.hibernate.jdbc.ConnectionManager.getConnection(ConnectionManager.java:144)
	at org.hibernate.jdbc.BorrowedConnectionProxy.invoke(BorrowedConnectionProxy.java:50)
	at com.sun.proxy.$Proxy7.createStatement(Unknown Source)
	at org.dbunit.database.statement.AbstractBatchStatement.&lt;init&gt;(AbstractBatchStatement.java:39)
	at org.dbunit.database.statement.SimpleStatement.&lt;init&gt;(SimpleStatement.java:40)
	at org.dbunit.database.statement.PreparedStatementFactory.createBatchStatement(PreparedStatementFactory.java:44)
	at org.dbunit.operation.DeleteAllOperation.execute(DeleteAllOperation.java:74)
	at org.dbunit.operation.CompositeOperation.execute(CompositeOperation.java:67)
	at br.scrumban.infra.DbUnitDataLoader.populateTestData(DbUnitDataLoader.java:38)
	at br.scrumban.infra.BaseDBTest.setUp(BaseDBTest.java:36)
	at junit.framework.TestCase.runBare(TestCase.java:128)
	at junit.framework.TestResult$1.protect(TestResult.java:110)
	at junit.framework.TestResult.runProtected(TestResult.java:128)
	at junit.framework.TestResult.run(TestResult.java:113)
	at junit.framework.TestCase.run(TestCase.java:120)
	at junit.framework.TestSuite.runTest(TestSuite.java:228)
	at junit.framework.TestSuite.run(TestSuite.java:223)
	at org.junit.internal.runners.OldTestClassRunner.run(OldTestClassRunner.java:35)
	at org.apache.maven.surefire.junit4.JUnit4TestSet.execute(JUnit4TestSet.java:53)
	at org.apache.maven.surefire.junit4.JUnit4Provider.executeTestSet(JUnit4Provider.java:123)
	at org.apache.maven.surefire.junit4.JUnit4Provider.invoke(JUnit4Provider.java:104)
	at sun.reflect.NativeMethodAccessorImpl.invoke0(Native Method)
	at sun.reflect.NativeMethodAccessorImpl.invoke(Unknown Source)
	at sun.reflect.DelegatingMethodAccessorImpl.invoke(Unknown Source)
	at java.lang.reflect.Method.invoke(Unknown Source)
	at org.apache.maven.surefire.util.ReflectionUtils.invokeMethodWithArray(ReflectionUtils.java:164)
	at org.apache.maven.surefire.booter.ProviderFactory$ProviderProxy.invoke(ProviderFactory.java:110)
	at org.apache.maven.surefire.booter.SurefireStarter.invokeProvider(SurefireStarter.java:175)
	at org.apache.maven.surefire.booter.SurefireStarter.runSuitesInProcessWhenForked(SurefireStarter.java:107)
	at org.apache.maven.surefire.booter.ForkedBooter.main(ForkedBooter.java:68)
Caused by: java.sql.SQLException: Network error IOException: Connection refused: connect
	at net.sourceforge.jtds.jdbc.ConnectionJDBC2.&lt;init&gt;(ConnectionJDBC2.java:395)
	at net.sourceforge.jtds.jdbc.ConnectionJDBC3.&lt;init&gt;(ConnectionJDBC3.java:50)
	at net.sourceforge.jtds.jdbc.Driver.connect(Driver.java:184)
	at java.sql.DriverManager.getConnection(Unknown Source)
	at java.sql.DriverManager.getConnection(Unknown Source)
	at org.hibernate.connection.DriverManagerConnectionProvider.getConnection(DriverManagerConnectionProvider.java:110)
	at org.hibernate.jdbc.ConnectionManager.openConnection(ConnectionManager.java:417)
	... 30 more
Caused by: java.net.ConnectException: Connection refused: connect
	at java.net.DualStackPlainSocketImpl.connect0(Native Method)
	at java.net.DualStackPlainSocketImpl.socketConnect(Unknown Source)
	at java.net.AbstractPlainSocketImpl.doConnect(Unknown Source)
	at java.net.AbstractPlainSocketImpl.connectToAddress(Unknown Source)
	at java.net.AbstractPlainSocketImpl.connect(Unknown Source)
	at java.net.PlainSocketImpl.connect(Unknown Source)
[...]
	at junit.framework.TestResult$1.protect(TestResult.java:110)
	at junit.framework.TestResult.runProtected(TestResult.java:128)
	at junit.framework.TestResult.run(TestResult.java:113)
	at junit.framework.TestCase.run(TestCase.java:120)
	at junit.framework.TestSuite.runTest(TestSuite.java:228)
	at junit.framework.TestSuite.run(TestSuite.java:223)
	at org.junit.internal.runners.OldTestClassRunner.run(OldTestClassRunner.java:35)
	at org.apache.maven.surefire.junit4.JUnit4TestSet.execute(JUnit4TestSet.java:53)
	at org.apache.maven.surefire.junit4.JUnit4Provider.executeTestSet(JUnit4Provider.java:123)
	at org.apache.maven.surefire.junit4.JUnit4Provider.invoke(JUnit4Provider.java:104)
	at sun.reflect.NativeMethodAccessorImpl.invoke0(Native Method)
	at sun.reflect.NativeMethodAccessorImpl.invoke(Unknown Source)
	at sun.reflect.DelegatingMethodAccessorImpl.invoke(Unknown Source)
	at java.lang.reflect.Method.invoke(Unknown Source)
	at org.apache.maven.surefire.util.ReflectionUtils.invokeMethodWithArray(ReflectionUtils.java:164)
	at org.apache.maven.surefire.booter.ProviderFactory$ProviderProxy.invoke(ProviderFactory.java:110)
	at org.apache.maven.surefire.booter.SurefireStarter.invokeProvider(SurefireStarter.java:175)
	at org.apache.maven.surefire.booter.SurefireStarter.runSuitesInProcessWhenForked(SurefireStarter.java:107)
	at org.apache.maven.surefire.booter.ForkedBooter.main(ForkedBooter.java:68)
Caused by: org.hibernate.exception.JDBCConnectionException: Cannot open connection
	at org.hibernate.exception.SQLStateConverter.convert(SQLStateConverter.java:74)
	at org.hibernate.exception.JDBCExceptionHelper.convert(JDBCExceptionHelper.java:43)
	at org.hibernate.exception.JDBCExceptionHelper.convert(JDBCExceptionHelper.java:29)
	at org.hibernate.jdbc.ConnectionManager.openConnection(ConnectionManager.java:420)
	at org.hibernate.jdbc.ConnectionManager.getConnection(ConnectionManager.java:144)
	at org.hibernate.jdbc.AbstractBatcher.prepareQueryStatement(AbstractBatcher.java:139)
	at org.hibernate.loader.Loader.prepareQueryStatement(Loader.java:1538)
	at org.hibernate.loader.Loader.doQuery(Loader.java:661)
	at org.hibernate.loader.Loader.doQueryAndInitializeNonLazyCollections(Loader.java:224)
	at org.hibernate.loader.Loader.doList(Loader.java:2211)
	at org.hibernate.loader.Loader.listIgnoreQueryCache(Loader.java:2095)
	at org.hibernate.loader.Loader.list(Loader.java:2090)
	at org.hibernate.loader.hql.QueryLoader.list(QueryLoader.java:388)
	at org.hibernate.hql.ast.QueryTranslatorImpl.list(QueryTranslatorImpl.java:338)
	at org.hibernate.engine.query.HQLQueryPlan.performList(HQLQueryPlan.java:172)
	at org.hibernate.impl.SessionImpl.list(SessionImpl.java:1121)
	at org.hibernate.impl.QueryImpl.list(QueryImpl.java:79)
	at org.hibernate.ejb.QueryImpl.getResultList(QueryImpl.java:64)
	... 27 more
Caused by: java.sql.SQLException: Network error IOException: Connection refused: connect
	at net.sourceforge.jtds.jdbc.ConnectionJDBC2.&lt;init&gt;(ConnectionJDBC2.java:395)
	at net.sourceforge.jtds.jdbc.ConnectionJDBC3.&lt;init&gt;(ConnectionJDBC3.java:50)
	at net.sourceforge.jtds.jdbc.Driver.connect(Driver.java:184)
	at java.sql.DriverManager.getConnection(Unknown Source)
	at java.sql.DriverManager.getConnection(Unknown Source)
	at org.hibernate.connection.DriverManagerConnectionProvider.getConnection(DriverManagerConnectionProvider.java:110)
	at org.hibernate.jdbc.ConnectionManager.openConnection(ConnectionManager.java:417)
	... 41 more
Caused by: java.net.ConnectException: Connection refused: connect
	at java.net.DualStackPlainSocketImpl.connect0(Native Method)
	at java.net.DualStackPlainSocketImpl.socketConnect(Unknown Source)
	at java.net.AbstractPlainSocketImpl.doConnect(Unknown Source)
	at java.net.AbstractPlainSocketImpl.connectToAddress(Unknown Source)
	at java.net.AbstractPlainSocketImpl.connect(Unknown Source)
	at java.net.PlainSocketImpl.connect(Unknown Source)
	at java.net.SocksSocketImpl.connect(Unknown Source)
	at java.net.Socket.connect(Unknown Source)
	at sun.reflect.GeneratedMethodAccessor31.invoke(Unknown Source)
	at sun.reflect.DelegatingMethodAccessorImpl.invoke(Unknown Source)
	at java.lang.reflect.Method.invoke(Unknown Source)
	at net.sourceforge.jtds.jdbc.SharedSocket.createSocketForJDBC3(SharedSocket.java:305)
	at net.sourceforge.jtds.jdbc.SharedSocket.&lt;init&gt;(SharedSocket.java:255)
	at net.sourceforge.jtds.jdbc.ConnectionJDBC2.&lt;init&gt;(ConnectionJDBC2.java:323)
	... 47 more
</error>
    <system-err>Mai 14, 2014 11:05:57 AM org.hibernate.util.JDBCExceptionReporter logExceptions
WARNING: SQL Error: 0, SQLState: 08S01
Mai 14, 2014 11:05:57 AM org.hibernate.util.JDBCExceptionReporter logExceptions
SEVERE: Network error IOException: Connection refused: connect
org.hibernate.exception.JDBCConnectionException: Cannot open connection
	at org.hibernate.exception.SQLStateConverter.convert(SQLStateConverter.java:74)
	at org.hibernate.exception.JDBCExceptionHelper.convert(JDBCExceptionHelper.java:43)
	at org.hibernate.exception.JDBCExceptionHelper.convert(JDBCExceptionHelper.java:29)
	at org.hibernate.jdbc.ConnectionManager.openConnection(ConnectionManager.java:420)
	at org.hibernate.jdbc.ConnectionManager.getConnection(ConnectionManager.java:144)
	at org.hibernate.jdbc.BorrowedConnectionProxy.invoke(BorrowedConnectionProxy.java:50)
	at com.sun.proxy.$Proxy7.createStatement(Unknown Source)
	at org.dbunit.database.statement.AbstractBatchStatement.&lt;init&gt;(AbstractBatchStatement.java:39)
	at org.dbunit.database.statement.SimpleStatement.&lt;init&gt;(SimpleStatement.java:40)
	at org.dbunit.database.statement.PreparedStatementFactory.createBatchStatement(PreparedStatementFactory.java:44)
	at org.dbunit.operation.DeleteAllOperation.execute(DeleteAllOperation.java:74)
	at org.dbunit.operation.CompositeOperation.execute(CompositeOperation.java:67)
	at br.scrumban.infra.DbUnitDataLoader.populateTestData(DbUnitDataLoader.java:38)
	at br.scrumban.infra.BaseDBTest.setUp(BaseDBTest.java:36)
	at junit.framework.TestCase.runBare(TestCase.java:128)
	at junit.framework.TestResult$1.protect(TestResult.java:110)
	at junit.framework.TestResult.runProtected(TestResult.java:128)
	at junit.framework.TestResult.run(TestResult.java:113)
	at junit.framework.TestCase.run(TestCase.java:120)
	at junit.framework.TestSuite.runTest(TestSuite.java:228)
	at junit.framework.TestSuite.run(TestSuite.java:223)
	at org.junit.internal.runners.OldTestClassRunner.run(OldTestClassRunner.java:35)
	at org.apache.maven.surefire.junit4.JUnit4TestSet.execute(JUnit4TestSet.java:53)
	at org.apache.maven.surefire.junit4.JUnit4Provider.executeTestSet(JUnit4Provider.java:123)
	at org.apache.maven.surefire.junit4.JUnit4Provider.invoke(JUnit4Provider.java:104)
	at sun.reflect.NativeMethodAccessorImpl.invoke0(Native Method)
	at sun.reflect.NativeMethodAccessorImpl.invoke(Unknown Source)
	at sun.reflect.DelegatingMethodAccessorImpl.invoke(Unknown Source)
	at java.lang.reflect.Method.invoke(Unknown Source)
	at org.apache.maven.surefire.util.ReflectionUtils.invokeMethodWithArray(ReflectionUtils.java:164)
	at org.apache.maven.surefire.booter.ProviderFactory$ProviderProxy.invoke(ProviderFactory.java:110)
	at org.apache.maven.surefire.booter.SurefireStarter.invokeProvider(SurefireStarter.java:175)
	at org.apache.maven.surefire.booter.SurefireStarter.runSuitesInProcessWhenForked(SurefireStarter.java:107)
	at org.apache.maven.surefire.booter.ForkedBooter.main(ForkedBooter.java:68)
Caused by: java.sql.SQLException: Network error IOException: Connection refused: connect
	at net.sourceforge.jtds.jdbc.ConnectionJDBC2.&lt;init&gt;(ConnectionJDBC2.java:395)
	at net.sourceforge.jtds.jdbc.ConnectionJDBC3.&lt;init&gt;(ConnectionJDBC3.java:50)
	at net.sourceforge.jtds.jdbc.Driver.connect(Driver.java:184)
	at java.sql.DriverManager.getConnection(Unknown Source)
	at java.sql.DriverManager.getConnection(Unknown Source)
	at org.hibernate.connection.DriverManagerConnectionProvider.getConnection(DriverManagerConnectionProvider.java:110)
	at org.hibernate.jdbc.ConnectionManager.openConnection(ConnectionManager.java:417)
	... 30 more
Caused by: java.net.ConnectException: Connection refused: connect
	at java.net.DualStackPlainSocketImpl.connect0(Native Method)
	at java.net.DualStackPlainSocketImpl.socketConnect(Unknown Source)
	at java.net.AbstractPlainSocketImpl.doConnect(Unknown Source)
	at java.net.AbstractPlainSocketImpl.connectToAddress(Unknown Source)
	at java.net.AbstractPlainSocketImpl.connect(Unknown Source)
	at java.net.PlainSocketImpl.connect(Unknown Source)
	at java.net.SocksSocketImpl.connect(Unknown Source)
	at java.net.Socket.connect(Unknown Source)
	at sun.reflect.GeneratedMethodAccessor31.invoke(Unknown Source)
	at sun.reflect.DelegatingMethodAccessorImpl.invoke(Unknown Source)
	at java.lang.reflect.Method.invoke(Unknown Source)
	at net.sourceforge.jtds.jdbc.SharedSocket.createSocketForJDBC3(SharedSocket.java:305)
	at net.sourceforge.jtds.jdbc.SharedSocket.&lt;init&gt;(SharedSocket.java:255)
	at net.sourceforge.jtds.jdbc.ConnectionJDBC2.&lt;init&gt;(ConnectionJDBC2.java:323)
	... 36 more
Mai 14, 2014 11:05:59 AM org.hibernate.util.JDBCExceptionReporter logExceptions
WARNING: SQL Error: 0, SQLState: 08S01
Mai 14, 2014 11:05:59 AM org.hibernate.util.JDBCExceptionReporter logExceptions
SEVERE: Network error IOException: Connection refused: connect
</system-err>
  </testcase>
  <testcase time="2.02" classname="br.scrumban.VendedorDBTest" name="testConsultarVendedorVamoLa">
    <error message="org.hibernate.exception.JDBCConnectionException: Cannot open connection" type="javax.persistence.PersistenceException">javax.persistence.PersistenceException: org.hibernate.exception.JDBCConnectionException: Cannot open connection
	at org.hibernate.ejb.AbstractEntityManagerImpl.throwPersistenceException(AbstractEntityManagerImpl.java:629)
	at org.hibernate.ejb.QueryImpl.getResultList(QueryImpl.java:73)
	at br.scrumban.dao.VendedorDAO.findVendedorByNome(VendedorDAO.java:34)
	at br.scrumban.VendedorDBTest.testConsultarVendedorVamoLa(VendedorDBTest.java:64)
	at sun.reflect.NativeMethodAccessorImpl.invoke0(Native Method)
	at sun.reflect.NativeMethodAccessorImpl.invoke(Unknown Source)
	at sun.reflect.DelegatingMethodAccessorImpl.invoke(Unknown Source)
	at java.lang.reflect.Method.invoke(Unknown Source)
	at junit.framework.TestCase.runTest(TestCase.java:164)
	at junit.framework.TestCase.runBare(TestCase.java:130)
	at junit.framework.TestResult$1.protect(TestResult.java:110)
	at junit.framework.TestResult.runProtected(TestResult.java:128)
	at junit.framework.TestResult.run(TestResult.java:113)
	at junit.framework.TestCase.run(TestCase.java:120)
	at junit.framework.TestSuite.runTest(TestSuite.java:228)
	at junit.framework.TestSuite.run(TestSuite.java:223)
	at org.junit.internal.runners.OldTestClassRunner.run(OldTestClassRunner.java:35)
	at org.apache.maven.surefire.junit4.JUnit4TestSet.execute(JUnit4TestSet.java:53)
	at org.apache.maven.surefire.junit4.JUnit4Provider.executeTestSet(JUnit4Provider.java:123)
	at org.apache.maven.surefire.junit4.JUnit4Provider.invoke(JUnit4Provider.java:104)
	at sun.reflect.NativeMethodAccessorImpl.invoke0(Native Method)
	at sun.reflect.NativeMethodAccessorImpl.invoke(Unknown Source)
	at sun.reflect.DelegatingMethodAccessorImpl.invoke(Unknown Source)
	at java.lang.reflect.Method.invoke(Unknown Source)
	at org.apache.maven.surefire.util.ReflectionUtils.invokeMethodWithArray(ReflectionUtils.java:164)
	at org.apache.maven.surefire.booter.ProviderFactory$ProviderProxy.invoke(ProviderFactory.java:110)
	at org.apache.maven.surefire.booter.SurefireStarter.invokeProvider(SurefireStarter.java:175)
	at org.apache.maven.surefire.booter.SurefireStarter.runSuitesInProcessWhenForked(SurefireStarter.java:107)
	at org.apache.maven.surefire.booter.ForkedBooter.main(ForkedBooter.java:68)
Caused by: org.hibernate.exception.JDBCConnectionException: Cannot open connection
	at org.hibernate.exception.SQLStateConverter.convert(SQLStateConverter.java:74)
	at org.hibernate.exception.JDBCExceptionHelper.convert(JDBCExceptionHelper.java:43)
	at org.hibernate.exception.JDBCExceptionHelper.convert(JDBCExceptionHelper.java:29)
	at org.hibernate.jdbc.ConnectionManager.openConnection(ConnectionManager.java:420)
	at org.hibernate.jdbc.ConnectionManager.getConnection(ConnectionManager.java:144)
	at org.hibernate.jdbc.AbstractBatcher.prepareQueryStatement(AbstractBatcher.java:139)
	at org.hibernate.loader.Loader.prepareQueryStatement(Loader.java:1538)
	at org.hibernate.loader.Loader.doQuery(Loader.java:661)
	at org.hibernate.loader.Loader.doQueryAndInitializeNonLazyCollections(Loader.java:224)
	at org.hibernate.loader.Loader.doList(Loader.java:2211)
	at org.hibernate.loader.Loader.listIgnoreQueryCache(Loader.java:2095)
	at org.hibernate.loader.Loader.list(Loader.java:2090)
	at org.hibernate.loader.hql.QueryLoader.list(QueryLoader.java:388)
	at org.hibernate.hql.ast.QueryTranslatorImpl.list(QueryTranslatorImpl.java:338)
	at org.hibernate.engine.query.HQLQueryPlan.performList(HQLQueryPlan.java:172)
	at org.hibernate.impl.SessionImpl.list(SessionImpl.java:1121)
	at org.hibernate.impl.QueryImpl.list(QueryImpl.java:79)
	at org.hibernate.ejb.QueryImpl.getResultList(QueryImpl.java:64)
	... 27 more
Caused by: java.sql.SQLException: Network error IOException: Connection refused: connect
	at net.sourceforge.jtds.jdbc.ConnectionJDBC2.&lt;init&gt;(ConnectionJDBC2.java:395)
	at net.sourceforge.jtds.jdbc.ConnectionJDBC3.&lt;init&gt;(ConnectionJDBC3.java:50)
	at net.sourceforge.jtds.jdbc.Driver.connect(Driver.java:184)
	at java.sql.DriverManager.getConnection(Unknown Source)
	at java.sql.DriverManager.getConnection(Unknown Source)
	at org.hibernate.connection.DriverManagerConnectionProvider.getConnection(DriverManagerConnectionProvider.java:110)
	at org.hibernate.jdbc.ConnectionManager.openConnection(ConnectionManager.java:417)
	... 41 more
Caused by: java.net.ConnectException: Connection refused: connect
	at java.net.DualStackPlainSocketImpl.connect0(Native Method)
	at java.net.DualStackPlainSocketImpl.socketConnect(Unknown Source)
	at java.net.AbstractPlainSocketImpl.doConnect(Unknown Source)
	at java.net.AbstractPlainSocketImpl.connectToAddress(Unknown Source)
	at java.net.AbstractPlainSocketImpl.connect(Unknown Source)
	at java.net.PlainSocketImpl.connect(Unknown Source)
	at java.net.SocksSocketImpl.connect(Unknown Source)
	at java.net.Socket.connect(Unknown Source)
	at sun.reflect.GeneratedMethodAccessor31.invoke(Unknown Source)
	at sun.reflect.DelegatingMethodAccessorImpl.invoke(Unknown Source)
	at java.lang.reflect.Method.invoke(Unknown Source)
	at net.sourceforge.jtds.jdbc.SharedSocket.createSocketForJDBC3(SharedSocket.java:305)
	at net.sourceforge.jtds.jdbc.SharedSocket.&lt;init&gt;(SharedSocket.java:255)
	at net.sourceforge.jtds.jdbc.ConnectionJDBC2.&lt;init&gt;(ConnectionJDBC2.java:323)
	... 47 more
</error>
    <system-err>Mai 14, 2014 11:06:00 AM org.hibernate.util.JDBCExceptionReporter logExceptions
WARNING: SQL Error: 0, SQLState: 08S01
Mai 14, 2014 11:06:00 AM org.hibernate.util.JDBCExceptionReporter logExceptions
SEVERE: Network error IOException: Connection refused: connect
org.hibernate.exception.JDBCConnectionException: Cannot open connection
	at org.hibernate.exception.SQLStateConverter.convert(SQLStateConverter.java:74)
	at org.hibernate.exception.JDBCExceptionHelper.convert(JDBCExceptionHelper.java:43)
	at org.hibernate.exception.JDBCExceptionHelper.convert(JDBCExceptionHelper.java:29)
	at org.hibernate.jdbc.ConnectionManager.openConnection(ConnectionManager.java:420)
	at org.hibernate.jdbc.ConnectionManager.getConnection(ConnectionManager.java:144)
	at org.hibernate.jdbc.BorrowedConnectionProxy.invoke(BorrowedConnectionProxy.java:50)
	at com.sun.proxy.$Proxy7.createStatement(Unknown Source)
	at org.dbunit.database.statement.AbstractBatchStatement.&lt;init&gt;(AbstractBatchStatement.java:39)
	at org.dbunit.database.statement.SimpleStatement.&lt;init&gt;(SimpleStatement.java:40)
	at org.dbunit.database.statement.PreparedStatementFactory.createBatchStatement(PreparedStatementFactory.java:44)
	at org.dbunit.operation.DeleteAllOperation.execute(DeleteAllOperation.java:74)
	at org.dbunit.operation.CompositeOperation.execute(CompositeOperation.java:67)
	at br.scrumban.infra.DbUnitDataLoader.populateTestData(DbUnitDataLoader.java:38)
	at br.scrumban.infra.BaseDBTest.setUp(BaseDBTest.java:36)
	at junit.framework.TestCase.runBare(TestCase.java:128)
	at junit.framework.TestResult$1.protect(TestResult.java:110)
	at junit.framework.TestResult.runProtected(TestResult.java:128)
	at junit.framework.TestResult.run(TestResult.java:113)
	at junit.framework.TestCase.run(TestCase.java:120)
	at junit.framework.TestSuite.runTest(TestSuite.java:228)
	at junit.framework.TestSuite.run(TestSuite.java:223)
	at org.junit.internal.runners.OldTestClassRunner.run(OldTestClassRunner.java:35)
	at org.apache.maven.surefire.junit4.JUnit4TestSet.execute(JUnit4TestSet.java:53)
	at org.apache.maven.surefire.junit4.JUnit4Provider.executeTestSet(JUnit4Provider.java:123)
	at org.apache.maven.surefire.junit4.JUnit4Provider.invoke(JUnit4Provider.java:104)
	at sun.reflect.NativeMethodAccessorImpl.invoke0(Native Method)
	at sun.reflect.NativeMethodAccessorImpl.invoke(Unknown Source)
	at sun.reflect.DelegatingMethodAccessorImpl.invoke(Unknown Source)
	at java.lang.reflect.Method.invoke(Unknown Source)
	at org.apache.maven.surefire.util.ReflectionUtils.invokeMethodWithArray(ReflectionUtils.java:164)
	at org.apache.maven.surefire.booter.ProviderFactory$ProviderProxy.invoke(ProviderFactory.java:110)
	at org.apache.maven.surefire.booter.SurefireStarter.invokeProvider(SurefireStarter.java:175)
	at org.apache.maven.surefire.booter.SurefireStarter.runSuitesInProcessWhenForked(SurefireStarter.java:107)
	at org.apache.maven.surefire.booter.ForkedBooter.main(ForkedBooter.java:68)
Caused by: java.sql.SQLException: Network error IOException: Connection refused: connect
	at net.sourceforge.jtds.jdbc.ConnectionJDBC2.&lt;init&gt;(ConnectionJDBC2.java:395)
	at net.sourceforge.jtds.jdbc.ConnectionJDBC3.&lt;init&gt;(ConnectionJDBC3.java:50)
	at net.sourceforge.jtds.jdbc.Driver.connect(Driver.java:184)
	at java.sql.DriverManager.getConnection(Unknown Source)
	at java.sql.DriverManager.getConnection(Unknown Source)
	at org.hibernate.connection.DriverManagerConnectionProvider.getConnection(DriverManagerConnectionProvider.java:110)
	at org.hibernate.jdbc.ConnectionManager.openConnection(ConnectionManager.java:417)
	... 30 more
Caused by: java.net.ConnectException: Connection refused: connect
	at java.net.DualStackPlainSocketImpl.connect0(Native Method)
	at java.net.DualStackPlainSocketImpl.socketConnect(Unknown Source)
	at java.net.AbstractPlainSocketImpl.doConnect(Unknown Source)
	at java.net.AbstractPlainSocketImpl.connectToAddress(Unknown Source)
	at java.net.AbstractPlainSocketImpl.connect(Unknown Source)
	at java.net.PlainSocketImpl.connect(Unknown Source)
	at java.net.SocksSocketImpl.connect(Unknown Source)
	at java.net.Socket.connect(Unknown Source)
	at sun.reflect.GeneratedMethodAccessor31.invoke(Unknown Source)
	at sun.reflect.DelegatingMethodAccessorImpl.invoke(Unknown Source)
	at java.lang.reflect.Method.invoke(Unknown Source)
	at net.sourceforge.jtds.jdbc.SharedSocket.createSocketForJDBC3(SharedSocket.java:305)
	at net.sourceforge.jtds.jdbc.SharedSocket.&lt;init&gt;(SharedSocket.java:255)
	at net.sourceforge.jtds.jdbc.ConnectionJDBC2.&lt;init&gt;(ConnectionJDBC2.java:323)
	... 36 more
Mai 14, 2014 11:06:01 AM org.hibernate.util.JDBCExceptionReporter logExceptions
WARNING: SQL Error: 0, SQLState: 08S01
Mai 14, 2014 11:06:01 AM org.hibernate.util.JDBCExceptionReporter logExceptions
SEVERE: Network error IOException: Connection refused: connect
</system-err>
  </testcase>
  <testcase time="1.008" classname="br.scrumban.VendedorDBTest" name="testGarantirInfraEstruturaTestesFuncionaParaBuscarUmaConexao"/>
</testsuite>