<?xml version="1.0" encoding="UTF-8" ?>
<testsuite failures="0" time="33.373" errors="5" skipped="0" tests="8" name="br.scrumban.VendaDAOTest">
  <properties>
[...]
</properties>
  <testcase time="1" classname="br.scrumban.VendaDAOTest" name="testTotalVendasDeUmVendedorComUmaVendaCompartilhadaEOutraVendaSozinha"/>
  <testcase time="5.937" classname="br.scrumban.VendaDAOTest" name="testTotalVendasDeUmVendedorComUmaVendaCompartilhadaPorDois">
    <error message="org.hibernate.exception.JDBCConnectionException: Cannot open connection" type="javax.persistence.PersistenceException">javax.persistence.PersistenceException: org.hibernate.exception.JDBCConnectionException: Cannot open connection
	at org.hibernate.ejb.AbstractEntityManagerImpl.throwPersistenceException(AbstractEntityManagerImpl.java:629)
	at org.hibernate.ejb.QueryImpl.getSingleResult(QueryImpl.java:99)
	at br.scrumban.dao.VendaDAO.buscarTotalDeVendasPorVendedorEAno(VendaDAO.java:46)
	at br.scrumban.VendaDAOTest.testTotalVendasDeUmVendedorComUmaVendaCompartilhadaPorDois(VendaDAOTest.java:100)
	at sun.reflect.NativeMethodAccessorImpl.invoke0(Native Method)
	at sun.reflect.NativeMethodAccessorImpl.invoke(Unknown Source)
	at sun.reflect.DelegatingMethodAccessorImpl.invoke(Unknown Source)
	at java.lang.reflect.Method.invoke(Unknown Source)
	at junit.framework.TestCase.runTest(TestCase.java:164)
	at junit.framework.TestCase.runBare(TestCase.java:130)
	at junit.framework.TestResult$1.protect(TestResult.java:110)
	at junit.framework.TestResult.runProtected(TestResult.java:128)
	at junit.framework.TestResult.run(TestResult.java:113)
	at junit.framework.TestCase.run(TestCase.java:120)
	at junit.framework.TestSuite.runTest(TestSuite.java:228)
	at junit.framework.TestSuite.run(TestSuite.java:223)
	at org.junit.internal.runners.OldTestClassRunner.run(OldTestClassRunner.java:35)
	at org.apache.maven.surefire.junit4.JUnit4TestSet.execute(JUnit4TestSet.java:53)
	at org.apache.maven.surefire.junit4.JUnit4Provider.executeTestSet(JUnit4Provider.java:123)
	at org.apache.maven.surefire.junit4.JUnit4Provider.invoke(JUnit4Provider.java:104)
	at sun.reflect.NativeMethodAccessorImpl.invoke0(Native Method)
	at sun.reflect.NativeMethodAccessorImpl.invoke(Unknown Source)
	at sun.reflect.DelegatingMethodAccessorImpl.invoke(Unknown Source)
	at java.lang.reflect.Method.invoke(Unknown Source)
	at org.apache.maven.surefire.util.ReflectionUtils.invokeMethodWithArray(ReflectionUtils.java:164)
	at org.apache.maven.surefire.booter.ProviderFactory$ProviderProxy.invoke(ProviderFactory.java:110)
	at org.apache.maven.surefire.booter.SurefireStarter.invokeProvider(SurefireStarter.java:175)
	at org.apache.maven.surefire.booter.SurefireStarter.runSuitesInProcessWhenForked(SurefireStarter.java:107)
	at org.apache.maven.surefire.booter.ForkedBooter.main(ForkedBooter.java:68)
Caused by: org.hibernate.exception.JDBCConnectionException: Cannot open connection
	at org.hibernate.exception.SQLStateConverter.convert(SQLStateConverter.java:74)
	at org.hibernate.exception.JDBCExceptionHelper.convert(JDBCExceptionHelper.java:43)
	at org.hibernate.exception.JDBCExceptionHelper.convert(JDBCExceptionHelper.java:29)
	at org.hibernate.jdbc.ConnectionManager.openConnection(ConnectionManager.java:420)
	at org.hibernate.jdbc.ConnectionManager.getConnection(ConnectionManager.java:144)
	at org.hibernate.jdbc.AbstractBatcher.prepareQueryStatement(AbstractBatcher.java:139)
	at org.hibernate.loader.Loader.prepareQueryStatement(Loader.java:1538)
	at org.hibernate.loader.Loader.doQuery(Loader.java:661)
	at org.hibernate.loader.Loader.doQueryAndInitializeNonLazyCollections(Loader.java:224)
	at org.hibernate.loader.Loader.doList(Loader.java:2211)
	at org.hibernate.loader.Loader.listIgnoreQueryCache(Loader.java:2095)
	at org.hibernate.loader.Loader.list(Loader.java:2090)
	at org.hibernate.loader.custom.CustomLoader.list(CustomLoader.java:289)
	at org.hibernate.impl.SessionImpl.listCustomQuery(SessionImpl.java:1695)
	at org.hibernate.impl.AbstractSessionImpl.list(AbstractSessionImpl.java:142)
	at org.hibernate.impl.SQLQueryImpl.list(SQLQueryImpl.java:150)
	at org.hibernate.ejb.QueryImpl.getSingleResult(QueryImpl.java:80)
	... 27 more
Caused by: java.sql.SQLException: Network error IOException: Connection refused: connect
	at net.sourceforge.jtds.jdbc.ConnectionJDBC2.&lt;init&gt;(ConnectionJDBC2.java:395)
	at net.sourceforge.jtds.jdbc.ConnectionJDBC3.&lt;init&gt;(ConnectionJDBC3.java:50)
	at net.sourceforge.jtds.jdbc.Driver.connect(Driver.java:184)
	at java.sql.DriverManager.getConnection(Unknown Source)
	at java.sql.DriverManager.getConnection(Unknown Source)
	at org.hibernate.connection.DriverManagerConnectionProvider.getConnection(DriverManagerConnectionProvider.java:110)
	at org.hibernate.jdbc.ConnectionManager.openConnection(ConnectionManager.java:417)
	... 40 more
Caused by: java.net.ConnectException: Connection refused: connect
	at java.net.DualStackPlainSocketImpl.connect0(Native Method)
	at java.net.DualStackPlainSocketImpl.socketConnect(Unknown Source)
	at java.net.AbstractPlainSocketImpl.doConnect(Unknown Source)
	at java.net.AbstractPlainSocketImpl.connectToAddress(Unknown Source)
	at java.net.AbstractPlainSocketImpl.connect(Unknown Source)
	at java.net.PlainSocketImpl.connect(Unknown Source)
	at java.net.SocksSocketImpl.connect(Unknown Source)
	at java.net.Socket.connect(Unknown Source)
	at sun.reflect.GeneratedMethodAccessor31.invoke(Unknown Source)
	at sun.reflect.DelegatingMethodAccessorImpl.invoke(Unknown Source)
	at java.lang.reflect.Method.invoke(Unknown Source)
	at net.sourceforge.jtds.jdbc.SharedSocket.createSocketForJDBC3(SharedSocket.java:305)
	at net.sourceforge.jtds.jdbc.SharedSocket.&lt;init&gt;(SharedSocket.java:255)
	at net.sourceforge.jtds.jdbc.ConnectionJDBC2.&lt;init&gt;(ConnectionJDBC2.java:323)
	... 46 more
</error>
    <system-err>Mai 14, 2014 11:05:26 AM org.hibernate.util.JDBCExceptionReporter logExceptions
WARNING: SQL Error: 0, SQLState: 08S01
Mai 14, 2014 11:05:26 AM org.hibernate.util.JDBCExceptionReporter logExceptions
SEVERE: Network error IOException: Connection refused: connect
org.hibernate.exception.JDBCConnectionException: Cannot open connection
	at org.hibernate.exception.SQLStateConverter.convert(SQLStateConverter.java:74)
	at org.hibernate.exception.JDBCExceptionHelper.convert(JDBCExceptionHelper.java:43)
	at org.hibernate.exception.JDBCExceptionHelper.convert(JDBCExceptionHelper.java:29)
	at org.hibernate.jdbc.ConnectionManager.openConnection(ConnectionManager.java:420)
	at org.hibernate.jdbc.ConnectionManager.getConnection(ConnectionManager.java:144)
	at org.hibernate.jdbc.BorrowedConnectionProxy.invoke(BorrowedConnectionProxy.java:50)
	at com.sun.proxy.$Proxy7.createStatement(Unknown Source)
	at org.dbunit.database.statement.AbstractBatchStatement.&lt;init&gt;(AbstractBatchStatement.java:39)
	at org.dbunit.database.statement.SimpleStatement.&lt;init&gt;(SimpleStatement.java:40)
	at org.dbunit.database.statement.PreparedStatementFactory.createBatchStatement(PreparedStatementFactory.java:44)
	at org.dbunit.operation.DeleteAllOperation.execute(DeleteAllOperation.java:74)
	at org.dbunit.operation.CompositeOperation.execute(CompositeOperation.java:67)
	at br.scrumban.infra.DbUnitDataLoader.populateTestData(DbUnitDataLoader.java:38)
	at br.scrumban.infra.BaseDBTest.setUp(BaseDBTest.java:36)
	at junit.framework.TestCase.runBare(TestCase.java:128)
	at junit.framework.TestResult$1.protect(TestResult.java:110)
	at junit.framework.TestResult.runProtected(TestResult.java:128)
	at junit.framework.TestResult.run(TestResult.java:113)
	at junit.framework.TestCase.run(TestCase.java:120)
	at junit.framework.TestSuite.runTest(TestSuite.java:228)
	at junit.framework.TestSuite.run(TestSuite.java:223)
	at org.junit.internal.runners.OldTestClassRunner.run(OldTestClassRunner.java:35)
	at org.apache.maven.surefire.junit4.JUnit4TestSet.execute(JUnit4TestSet.java:53)
	at org.apache.maven.surefire.junit4.JUnit4Provider.executeTestSet(JUnit4Provider.java:123)
	at org.apache.maven.surefire.junit4.JUnit4Provider.invoke(JUnit4Provider.java:104)
	at sun.reflect.NativeMethodAccessorImpl.invoke0(Native Method)
	at sun.reflect.NativeMethodAccessorImpl.invoke(Unknown Source)
	at sun.reflect.DelegatingMethodAccessorImpl.invoke(Unknown Source)
	at java.lang.reflect.Method.invoke(Unknown Source)
	at org.apache.maven.surefire.util.ReflectionUtils.invokeMethodWithArray(ReflectionUtils.java:164)
	at org.apache.maven.surefire.booter.ProviderFactory$ProviderProxy.invoke(ProviderFactory.java:110)
	at org.apache.maven.surefire.booter.SurefireStarter.invokeProvider(SurefireStarter.java:175)
	at org.apache.maven.surefire.booter.SurefireStarter.runSuitesInProcessWhenForked(SurefireStarter.java:107)
	at org.apache.maven.surefire.booter.ForkedBooter.main(ForkedBooter.java:68)
Caused by: java.sql.SQLException: Network error IOException: Connection refused: connect
	at net.sourceforge.jtds.jdbc.ConnectionJDBC2.&lt;init&gt;(ConnectionJDBC2.java:395)
	at net.sourceforge.jtds.jdbc.ConnectionJDBC3.&lt;init&gt;(ConnectionJDBC3.java:50)
	at net.sourceforge.jtds.jdbc.Driver.connect(Driver.java:184)
	at java.sql.DriverManager.getConnection(Unknown Source)
	at java.sql.DriverManager.getConnection(Unknown Source)
	at org.hibernate.connection.DriverManagerConnectionProvider.getConnection(DriverManagerConnectionProvider.java:110)
	at org.hibernate.jdbc.ConnectionManager.openConnection(ConnectionManager.java:417)
	... 30 more
Caused by: java.net.ConnectException: Connection refused: connect
	at java.net.DualStackPlainSocketImpl.connect0(Native Method)
	at java.net.DualStackPlainSocketImpl.socketConnect(Unknown Source)
	at java.net.AbstractPlainSocketImpl.doConnect(Unknown Source)
	at java.net.AbstractPlainSocketImpl.connectToAddress(Unknown Source)
	at java.net.AbstractPlainSocketImpl.connect(Unknown Source)
	at java.net.PlainSocketImpl.connect(Unknown Source)
	at java.net.SocksSocketImpl.connect(Unknown Source)
	at java.net.Socket.connect(Unknown Source)
	at sun.reflect.GeneratedMethodAccessor31.invoke(Unknown Source)
	at sun.reflect.DelegatingMethodAccessorImpl.invoke(Unknown Source)
	at java.lang.reflect.Method.invoke(Unknown Source)
	at net.sourceforge.jtds.jdbc.SharedSocket.createSocketForJDBC3(SharedSocket.java:305)
	at net.sourceforge.jtds.jdbc.SharedSocket.&lt;init&gt;(SharedSocket.java:255)
	at net.sourceforge.jtds.jdbc.ConnectionJDBC2.&lt;init&gt;(ConnectionJDBC2.java:323)
	... 36 more
Mai 14, 2014 11:05:30 AM org.hibernate.util.JDBCExceptionReporter logExceptions
WARNING: SQL Error: 0, SQLState: 08S01
Mai 14, 2014 11:05:30 AM org.hibernate.util.JDBCExceptionReporter logExceptions
SEVERE: Network error IOException: Connection refused: connect
</system-err>
  </testcase>
  <testcase time="0.856" classname="br.scrumban.VendaDAOTest" name="testTotalVendasDeUmVendedorComUmaVendaCompartilhadaPorTres"/>
  <testcase time="2.026" classname="br.scrumban.VendaDAOTest" name="testTotal_Vendas_Vendedor_2_Em_2011_Retorno_100">
    <error message="org.hibernate.exception.JDBCConnectionException: Cannot open connection" type="javax.persistence.PersistenceException">javax.persistence.PersistenceException: org.hibernate.exception.JDBCConnectionException: Cannot open connection
	at org.hibernate.ejb.AbstractEntityManagerImpl.throwPersistenceException(AbstractEntityManagerImpl.java:629)
	at org.hibernate.ejb.QueryImpl.getSingleResult(QueryImpl.java:99)
	at br.scrumban.dao.VendaDAO.buscarTotalDeVendasPorVendedorEAno(VendaDAO.java:46)
	at br.scrumban.VendaDAOTest.testTotal_Vendas_Vendedor_2_Em_2011_Retorno_100(VendaDAOTest.java:27)
	at sun.reflect.NativeMethodAccessorImpl.invoke0(Native Method)
	at sun.reflect.NativeMethodAccessorImpl.invoke(Unknown Source)
	at sun.reflect.DelegatingMethodAccessorImpl.invoke(Unknown Source)
	at java.lang.reflect.Method.invoke(Unknown Source)
	at junit.framework.TestCase.runTest(TestCase.java:164)
	at junit.framework.TestCase.runBare(TestCase.java:130)
	at junit.framework.TestResult$1.protect(TestResult.java:110)
	at junit.framework.TestResult.runProtected(TestResult.java:128)
	at junit.framework.TestResult.run(TestResult.java:113)
	at junit.framework.TestCase.run(TestCase.java:120)
	at junit.framework.TestSuite.runTest(TestSuite.java:228)
	at junit.framework.TestSuite.run(TestSuite.java:223)
	at org.junit.internal.runners.OldTestClassRunner.run(OldTestClassRunner.java:35)
	at org.apache.maven.surefire.junit4.JUnit4TestSet.execute(JUnit4TestSet.java:53)
	at org.apache.maven.surefire.junit4.JUnit4Provider.executeTestSet(JUnit4Provider.java:123)
	at org.apache.maven.surefire.junit4.JUnit4Provider.invoke(JUnit4Provider.java:104)
	at sun.reflect.NativeMethodAccessorImpl.invoke0(Native Method)
	at sun.reflect.NativeMethodAccessorImpl.invoke(Unknown Source)
	at sun.reflect.DelegatingMethodAccessorImpl.invoke(Unknown Source)
	at java.lang.reflect.Method.invoke(Unknown Source)
	at org.apache.maven.surefire.util.ReflectionUtils.invokeMethodWithArray(ReflectionUtils.java:164)
	at org.apache.maven.surefire.booter.ProviderFactory$ProviderProxy.invoke(ProviderFactory.java:110)
	at org.apache.maven.surefire.booter.SurefireStarter.invokeProvider(SurefireStarter.java:175)
	at org.apache.maven.surefire.booter.SurefireStarter.runSuitesInProcessWhenForked(SurefireStarter.java:107)
	at org.apache.maven.surefire.booter.ForkedBooter.main(ForkedBooter.java:68)
Caused by: org.hibernate.exception.JDBCConnectionException: Cannot open connection
	at org.hibernate.exception.SQLStateConverter.convert(SQLStateConverter.java:74)
	at org.hibernate.exception.JDBCExceptionHelper.convert(JDBCExceptionHelper.java:43)
	at org.hibernate.exception.JDBCExceptionHelper.convert(JDBCExceptionHelper.java:29)
	at org.hibernate.jdbc.ConnectionManager.openConnection(ConnectionManager.java:420)
	at org.hibernate.jdbc.ConnectionManager.getConnection(ConnectionManager.java:144)
	at org.hibernate.jdbc.AbstractBatcher.prepareQueryStatement(AbstractBatcher.java:139)
	at org.hibernate.loader.Loader.prepareQueryStatement(Loader.java:1538)
	at org.hibernate.loader.Loader.doQuery(Loader.java:661)
	at org.hibernate.loader.Loader.doQueryAndInitializeNonLazyCollections(Loader.java:224)
	at org.hibernate.loader.Loader.doList(Loader.java:2211)
	at org.hibernate.loader.Loader.listIgnoreQueryCache(Loader.java:2095)
	at org.hibernate.loader.Loader.list(Loader.java:2090)
	at org.hibernate.loader.custom.CustomLoader.list(CustomLoader.java:289)
	at org.hibernate.impl.SessionImpl.listCustomQuery(SessionImpl.java:1695)
	at org.hibernate.impl.AbstractSessionImpl.list(AbstractSessionImpl.java:142)
	at org.hibernate.impl.SQLQueryImpl.list(SQLQueryImpl.java:150)
	at org.hibernate.ejb.QueryImpl.getSingleResult(QueryImpl.java:80)
	... 27 more
Caused by: java.sql.SQLException: Network error IOException: Connection refused: connect
	at net.sourceforge.jtds.jdbc.ConnectionJDBC2.&lt;init&gt;(ConnectionJDBC2.java:395)
	at net.sourceforge.jtds.jdbc.ConnectionJDBC3.&lt;init&gt;(ConnectionJDBC3.java:50)
	at net.sourceforge.jtds.jdbc.Driver.connect(Driver.java:184)
	at java.sql.DriverManager.getConnection(Unknown Source)
	at java.sql.DriverManager.getConnection(Unknown Source)
	at org.hibernate.connection.DriverManagerConnectionProvider.getConnection(DriverManagerConnectionProvider.java:110)
	at org.hibernate.jdbc.ConnectionManager.openConnection(ConnectionManager.java:417)
	... 40 more
Caused by: java.net.ConnectException: Connection refused: connect
	at java.net.DualStackPlainSocketImpl.connect0(Native Method)
	at java.net.DualStackPlainSocketImpl.socketConnect(Unknown Source)
	at java.net.AbstractPlainSocketImpl.doConnect(Unknown Source)
	at java.net.AbstractPlainSocketImpl.connectToAddress(Unknown Source)
	at java.net.AbstractPlainSocketImpl.connect(Unknown Source)
	at java.net.PlainSocketImpl.connect(Unknown Source)
	at java.net.SocksSocketImpl.connect(Unknown Source)
	at java.net.Socket.connect(Unknown Source)
	at sun.reflect.GeneratedMethodAccessor31.invoke(Unknown Source)
	at sun.reflect.DelegatingMethodAccessorImpl.invoke(Unknown Source)
	at java.lang.reflect.Method.invoke(Unknown Source)
	at net.sourceforge.jtds.jdbc.SharedSocket.createSocketForJDBC3(SharedSocket.java:305)
	at net.sourceforge.jtds.jdbc.SharedSocket.&lt;init&gt;(SharedSocket.java:255)
	at net.sourceforge.jtds.jdbc.ConnectionJDBC2.&lt;init&gt;(ConnectionJDBC2.java:323)
	... 46 more
</error>
    <system-err>Mai 14, 2014 11:05:32 AM org.hibernate.util.JDBCExceptionReporter logExceptions
WARNING: SQL Error: 0, SQLState: 08S01
Mai 14, 2014 11:05:32 AM org.hibernate.util.JDBCExceptionReporter logExceptions
SEVERE: Network error IOException: Connection refused: connect
org.hibernate.exception.JDBCConnectionException: Cannot open connection
	at org.hibernate.exception.SQLStateConverter.convert(SQLStateConverter.java:74)
	at org.hibernate.exception.JDBCExceptionHelper.convert(JDBCExceptionHelper.java:43)
	at org.hibernate.exception.JDBCExceptionHelper.convert(JDBCExceptionHelper.java:29)
	at org.hibernate.jdbc.ConnectionManager.openConnection(ConnectionManager.java:420)
	at org.hibernate.jdbc.ConnectionManager.getConnection(ConnectionManager.java:144)
	at org.hibernate.jdbc.BorrowedConnectionProxy.invoke(BorrowedConnectionProxy.java:50)
	at com.sun.proxy.$Proxy7.createStatement(Unknown Source)
	at org.dbunit.database.statement.AbstractBatchStatement.&lt;init&gt;(AbstractBatchStatement.java:39)
	at org.dbunit.database.statement.SimpleStatement.&lt;init&gt;(SimpleStatement.java:40)
	at org.dbunit.database.statement.PreparedStatementFactory.createBatchStatement(PreparedStatementFactory.java:44)
	at org.dbunit.operation.DeleteAllOperation.execute(DeleteAllOperation.java:74)
	at org.dbunit.operation.CompositeOperation.execute(CompositeOperation.java:67)
	at br.scrumban.infra.DbUnitDataLoader.populateTestData(DbUnitDataLoader.java:38)
	at br.scrumban.infra.BaseDBTest.setUp(BaseDBTest.java:36)
	at junit.framework.TestCase.runBare(TestCase.java:128)
	at junit.framework.TestResult$1.protect(TestResult.java:110)
	at junit.framework.TestResult.runProtected(TestResult.java:128)
	at junit.framework.TestResult.run(TestResult.java:113)
	at junit.framework.TestCase.run(TestCase.java:120)
	at junit.framework.TestSuite.runTest(TestSuite.java:228)
	at junit.framework.TestSuite.run(TestSuite.java:223)
	at org.junit.internal.runners.OldTestClassRunner.run(OldTestClassRunner.java:35)
	at org.apache.maven.surefire.junit4.JUnit4TestSet.execute(JUnit4TestSet.java:53)
	at org.apache.maven.surefire.junit4.JUnit4Provider.executeTestSet(JUnit4Provider.java:123)
	at org.apache.maven.surefire.junit4.JUnit4Provider.invoke(JUnit4Provider.java:104)
	at sun.reflect.NativeMethodAccessorImpl.invoke0(Native Method)
	at sun.reflect.NativeMethodAccessorImpl.invoke(Unknown Source)
	at sun.reflect.DelegatingMethodAccessorImpl.invoke(Unknown Source)
	at java.lang.reflect.Method.invoke(Unknown Source)
	at org.apache.maven.surefire.util.ReflectionUtils.invokeMethodWithArray(ReflectionUtils.java:164)
	at org.apache.maven.surefire.booter.ProviderFactory$ProviderProxy.invoke(ProviderFactory.java:110)
	at org.apache.maven.surefire.booter.SurefireStarter.invokeProvider(SurefireStarter.java:175)
	at org.apache.maven.surefire.booter.SurefireStarter.runSuitesInProcessWhenForked(SurefireStarter.java:107)
	at org.apache.maven.surefire.booter.ForkedBooter.main(ForkedBooter.java:68)
Caused by: java.sql.SQLException: Network error IOException: Connection refused: connect
	at net.sourceforge.jtds.jdbc.ConnectionJDBC2.&lt;init&gt;(ConnectionJDBC2.java:395)
	at net.sourceforge.jtds.jdbc.ConnectionJDBC3.&lt;init&gt;(ConnectionJDBC3.java:50)
	at net.sourceforge.jtds.jdbc.Driver.connect(Driver.java:184)
	at java.sql.DriverManager.getConnection(Unknown Source)
	at java.sql.DriverManager.getConnection(Unknown Source)
	at org.hibernate.connection.DriverManagerConnectionProvider.getConnection(DriverManagerConnectionProvider.java:110)
	at org.hibernate.jdbc.ConnectionManager.openConnection(ConnectionManager.java:417)
	... 30 more
Caused by: java.net.ConnectException: Connection refused: connect
	at java.net.DualStackPlainSocketImpl.connect0(Native Method)
	at java.net.DualStackPlainSocketImpl.socketConnect(Unknown Source)
	at java.net.AbstractPlainSocketImpl.doConnect(Unknown Source)
	at java.net.AbstractPlainSocketImpl.connectToAddress(Unknown Source)
	at java.net.AbstractPlainSocketImpl.connect(Unknown Source)
	at java.net.PlainSocketImpl.connect(Unknown Source)
	at java.net.SocksSocketImpl.connect(Unknown Source)
	at java.net.Socket.connect(Unknown Source)
	at sun.reflect.GeneratedMethodAccessor31.invoke(Unknown Source)
	at sun.reflect.DelegatingMethodAccessorImpl.invoke(Unknown Source)
	at java.lang.reflect.Method.invoke(Unknown Source)
	at net.sourceforge.jtds.jdbc.SharedSocket.createSocketForJDBC3(SharedSocket.java:305)
	at net.sourceforge.jtds.jdbc.SharedSocket.&lt;init&gt;(SharedSocket.java:255)
	at net.sourceforge.jtds.jdbc.ConnectionJDBC2.&lt;init&gt;(ConnectionJDBC2.java:323)
	... 36 more
Mai 14, 2014 11:05:33 AM org.hibernate.util.JDBCExceptionReporter logExceptions
WARNING: SQL Error: 0, SQLState: 08S01
Mai 14, 2014 11:05:33 AM org.hibernate.util.JDBCExceptionReporter logExceptions
SEVERE: Network error IOException: Connection refused: connect
</system-err>
  </testcase>
  <testcase time="2.008" classname="br.scrumban.VendaDAOTest" name="testTotal_Vendas_Vendedor_3_Em_2010_Retorno_1000">
    <error message="org.hibernate.exception.JDBCConnectionException: Cannot open connection" type="javax.persistence.PersistenceException">javax.persistence.PersistenceException: org.hibernate.exception.JDBCConnectionException: Cannot open connection
	at org.hibernate.ejb.AbstractEntityManagerImpl.throwPersistenceException(AbstractEntityManagerImpl.java:629)
	at org.hibernate.ejb.QueryImpl.getSingleResult(QueryImpl.java:99)
	at br.scrumban.dao.VendaDAO.buscarTotalDeVendasPorVendedorEAno(VendaDAO.java:46)
	at br.scrumban.VendaDAOTest.testTotal_Vendas_Vendedor_3_Em_2010_Retorno_1000(VendaDAOTest.java:45)
	at sun.reflect.NativeMethodAccessorImpl.invoke0(Native Method)
	at sun.reflect.NativeMethodAccessorImpl.invoke(Unknown Source)
	at sun.reflect.DelegatingMethodAccessorImpl.invoke(Unknown Source)
	at java.lang.reflect.Method.invoke(Unknown Source)
	at junit.framework.TestCase.runTest(TestCase.java:164)
	at junit.framework.TestCase.runBare(TestCase.java:130)
	at junit.framework.TestResult$1.protect(TestResult.java:110)
	at junit.framework.TestResult.runProtected(TestResult.java:128)
	at junit.framework.TestResult.run(TestResult.java:113)
	at junit.framework.TestCase.run(TestCase.java:120)
	at junit.framework.TestSuite.runTest(TestSuite.java:228)
	at junit.framework.TestSuite.run(TestSuite.java:223)
	at org.junit.internal.runners.OldTestClassRunner.run(OldTestClassRunner.java:35)
	at org.apache.maven.surefire.junit4.JUnit4TestSet.execute(JUnit4TestSet.java:53)
	at org.apache.maven.surefire.junit4.JUnit4Provider.executeTestSet(JUnit4Provider.java:123)
	at org.apache.maven.surefire.junit4.JUnit4Provider.invoke(JUnit4Provider.java:104)
	at sun.reflect.NativeMethodAccessorImpl.invoke0(Native Method)
	at sun.reflect.NativeMethodAccessorImpl.invoke(Unknown Source)
	at sun.reflect.DelegatingMethodAccessorImpl.invoke(Unknown Source)
	at java.lang.reflect.Method.invoke(Unknown Source)
	at org.apache.maven.surefire.util.ReflectionUtils.invokeMethodWithArray(ReflectionUtils.java:164)
	at org.apache.maven.surefire.booter.ProviderFactory$ProviderProxy.invoke(ProviderFactory.java:110)
	at org.apache.maven.surefire.booter.SurefireStarter.invokeProvider(SurefireStarter.java:175)
	at org.apache.maven.surefire.booter.SurefireStarter.runSuitesInProcessWhenForked(SurefireStarter.java:107)
	at org.apache.maven.surefire.booter.ForkedBooter.main(ForkedBooter.java:68)
Caused by: org.hibernate.exception.JDBCConnectionException: Cannot open connection
	at org.hibernate.exception.SQLStateConverter.convert(SQLStateConverter.java:74)
	at org.hibernate.exception.JDBCExceptionHelper.convert(JDBCExceptionHelper.java:43)
	at org.hibernate.exception.JDBCExceptionHelper.convert(JDBCExceptionHelper.java:29)
	at org.hibernate.jdbc.ConnectionManager.openConnection(ConnectionManager.java:420)
	at org.hibernate.jdbc.ConnectionManager.getConnection(ConnectionManager.java:144)
	at org.hibernate.jdbc.AbstractBatcher.prepareQueryStatement(AbstractBatcher.java:139)
	at org.hibernate.loader.Loader.prepareQueryStatement(Loader.java:1538)
	at org.hibernate.loader.Loader.doQuery(Loader.java:661)
	at org.hibernate.loader.Loader.doQueryAndInitializeNonLazyCollections(Loader.java:224)
	at org.hibernate.loader.Loader.doList(Loader.java:2211)
	at org.hibernate.loader.Loader.listIgnoreQueryCache(Loader.java:2095)
	at org.hibernate.loader.Loader.list(Loader.java:2090)
	at org.hibernate.loader.custom.CustomLoader.list(CustomLoader.java:289)
	at org.hibernate.impl.SessionImpl.listCustomQuery(SessionImpl.java:1695)
	at org.hibernate.impl.AbstractSessionImpl.list(AbstractSessionImpl.java:142)
	at org.hibernate.impl.SQLQueryImpl.list(SQLQueryImpl.java:150)
	at org.hibernate.ejb.QueryImpl.getSingleResult(QueryImpl.java:80)
	... 27 more
Caused by: java.sql.SQLException: Network error IOException: Connection refused: connect
	at net.sourceforge.jtds.jdbc.ConnectionJDBC2.&lt;init&gt;(ConnectionJDBC2.java:395)
	at net.sourceforge.jtds.jdbc.ConnectionJDBC3.&lt;init&gt;(ConnectionJDBC3.java:50)
	at net.sourceforge.jtds.jdbc.Driver.connect(Driver.java:184)
	at java.sql.DriverManager.getConnection(Unknown Source)
	at java.sql.DriverManager.getConnection(Unknown Source)
	at org.hibernate.connection.DriverManagerConnectionProvider.getConnection(DriverManagerConnectionProvider.java:110)
	at org.hibernate.jdbc.ConnectionManager.openConnection(ConnectionManager.java:417)
	... 40 more
Caused by: java.net.ConnectException: Connection refused: connect
	at java.net.DualStackPlainSocketImpl.connect0(Native Method)
	at java.net.DualStackPlainSocketImpl.socketConnect(Unknown Source)
	at java.net.AbstractPlainSocketImpl.doConnect(Unknown Source)
	at java.net.AbstractPlainSocketImpl.connectToAddress(Unknown Source)
	at java.net.AbstractPlainSocketImpl.connect(Unknown Source)
	at java.net.PlainSocketImpl.connect(Unknown Source)
	at java.net.SocksSocketImpl.connect(Unknown Source)
	at java.net.Socket.connect(Unknown Source)
	at sun.reflect.GeneratedMethodAccessor31.invoke(Unknown Source)
	at sun.reflect.DelegatingMethodAccessorImpl.invoke(Unknown Source)
	at java.lang.reflect.Method.invoke(Unknown Source)
	at net.sourceforge.jtds.jdbc.SharedSocket.createSocketForJDBC3(SharedSocket.java:305)
	at net.sourceforge.jtds.jdbc.SharedSocket.&lt;init&gt;(SharedSocket.java:255)
	at net.sourceforge.jtds.jdbc.ConnectionJDBC2.&lt;init&gt;(ConnectionJDBC2.java:323)
	... 46 more
</error>
    <system-err>Mai 14, 2014 11:05:34 AM org.hibernate.util.JDBCExceptionReporter logExceptions
WARNING: SQL Error: 0, SQLState: 08S01
Mai 14, 2014 11:05:34 AM org.hibernate.util.JDBCExceptionReporter logExceptions
SEVERE: Network error IOException: Connection refused: connect
org.hibernate.exception.JDBCConnectionException: Cannot open connection
	at org.hibernate.exception.SQLStateConverter.convert(SQLStateConverter.java:74)
	at org.hibernate.exception.JDBCExceptionHelper.convert(JDBCExceptionHelper.java:43)
	at org.hibernate.exception.JDBCExceptionHelper.convert(JDBCExceptionHelper.java:29)
	at org.hibernate.jdbc.ConnectionManager.openConnection(ConnectionManager.java:420)
	at org.hibernate.jdbc.ConnectionManager.getConnection(ConnectionManager.java:144)
	at org.hibernate.jdbc.BorrowedConnectionProxy.invoke(BorrowedConnectionProxy.java:50)
	at com.sun.proxy.$Proxy7.createStatement(Unknown Source)
	at org.dbunit.database.statement.AbstractBatchStatement.&lt;init&gt;(AbstractBatchStatement.java:39)
	at org.dbunit.database.statement.SimpleStatement.&lt;init&gt;(SimpleStatement.java:40)
	at org.dbunit.database.statement.PreparedStatementFactory.createBatchStatement(PreparedStatementFactory.java:44)
	at org.dbunit.operation.DeleteAllOperation.execute(DeleteAllOperation.java:74)
	at org.dbunit.operation.CompositeOperation.execute(CompositeOperation.java:67)
	at br.scrumban.infra.DbUnitDataLoader.populateTestData(DbUnitDataLoader.java:38)
	at br.scrumban.infra.BaseDBTest.setUp(BaseDBTest.java:36)
	at junit.framework.TestCase.runBare(TestCase.java:128)
	at junit.framework.TestResult$1.protect(TestResult.java:110)
	at junit.framework.TestResult.runProtected(TestResult.java:128)
	at junit.framework.TestResult.run(TestResult.java:113)
	at junit.framework.TestCase.run(TestCase.java:120)
	at junit.framework.TestSuite.runTest(TestSuite.java:228)
	at junit.framework.TestSuite.run(TestSuite.java:223)
	at org.junit.internal.runners.OldTestClassRunner.run(OldTestClassRunner.java:35)
	at org.apache.maven.surefire.junit4.JUnit4TestSet.execute(JUnit4TestSet.java:53)
	at org.apache.maven.surefire.junit4.JUnit4Provider.executeTestSet(JUnit4Provider.java:123)
	at org.apache.maven.surefire.junit4.JUnit4Provider.invoke(JUnit4Provider.java:104)
	at sun.reflect.NativeMethodAccessorImpl.invoke0(Native Method)
	at sun.reflect.NativeMethodAccessorImpl.invoke(Unknown Source)
	at sun.reflect.DelegatingMethodAccessorImpl.invoke(Unknown Source)
	at java.lang.reflect.Method.invoke(Unknown Source)
	at org.apache.maven.surefire.util.ReflectionUtils.invokeMethodWithArray(ReflectionUtils.java:164)
	at org.apache.maven.surefire.booter.ProviderFactory$ProviderProxy.invoke(ProviderFactory.java:110)
	at org.apache.maven.surefire.booter.SurefireStarter.invokeProvider(SurefireStarter.java:175)
	at org.apache.maven.surefire.booter.SurefireStarter.runSuitesInProcessWhenForked(SurefireStarter.java:107)
	at org.apache.maven.surefire.booter.ForkedBooter.main(ForkedBooter.java:68)
Caused by: java.sql.SQLException: Network error IOException: Connection refused: connect
	at net.sourceforge.jtds.jdbc.ConnectionJDBC2.&lt;init&gt;(ConnectionJDBC2.java:395)
	at net.sourceforge.jtds.jdbc.ConnectionJDBC3.&lt;init&gt;(ConnectionJDBC3.java:50)
	at net.sourceforge.jtds.jdbc.Driver.connect(Driver.java:184)
	at java.sql.DriverManager.getConnection(Unknown Source)
	at java.sql.DriverManager.getConnection(Unknown Source)
	at org.hibernate.connection.DriverManagerConnectionProvider.getConnection(DriverManagerConnectionProvider.java:110)
	at org.hibernate.jdbc.ConnectionManager.openConnection(ConnectionManager.java:417)
	... 30 more
Caused by: java.net.ConnectException: Connection refused: connect
	at java.net.DualStackPlainSocketImpl.connect0(Native Method)
	at java.net.DualStackPlainSocketImpl.socketConnect(Unknown Source)
	at java.net.AbstractPlainSocketImpl.doConnect(Unknown Source)
	at java.net.AbstractPlainSocketImpl.connectToAddress(Unknown Source)
	at java.net.AbstractPlainSocketImpl.connect(Unknown Source)
	at java.net.PlainSocketImpl.connect(Unknown Source)
	at java.net.SocksSocketImpl.connect(Unknown Source)
	at java.net.Socket.connect(Unknown Source)
	at sun.reflect.GeneratedMethodAccessor31.invoke(Unknown Source)
	at sun.reflect.DelegatingMethodAccessorImpl.invoke(Unknown Source)
	at java.lang.reflect.Method.invoke(Unknown Source)
	at net.sourceforge.jtds.jdbc.SharedSocket.createSocketForJDBC3(SharedSocket.java:305)
	at net.sourceforge.jtds.jdbc.SharedSocket.&lt;init&gt;(SharedSocket.java:255)
	at net.sourceforge.jtds.jdbc.ConnectionJDBC2.&lt;init&gt;(ConnectionJDBC2.java:323)
	... 36 more
Mai 14, 2014 11:05:35 AM org.hibernate.util.JDBCExceptionReporter logExceptions
WARNING: SQL Error: 0, SQLState: 08S01
Mai 14, 2014 11:05:35 AM org.hibernate.util.JDBCExceptionReporter logExceptions
SEVERE: Network error IOException: Connection refused: connect
</system-err>
  </testcase>
  <testcase time="2.008" classname="br.scrumban.VendaDAOTest" name="testTotal_Vendas_Vendedor_4_Em_2010_Retorno_0">
    <error message="org.hibernate.exception.JDBCConnectionException: Cannot open connection" type="javax.persistence.PersistenceException">javax.persistence.PersistenceException: org.hibernate.exception.JDBCConnectionException: Cannot open connection
	at org.hibernate.ejb.AbstractEntityManagerImpl.throwPersistenceException(AbstractEntityManagerImpl.java:629)
	at org.hibernate.ejb.QueryImpl.getSingleResult(QueryImpl.java:99)
	at br.scrumban.dao.VendaDAO.buscarTotalDeVendasPorVendedorEAno(VendaDAO.java:46)
	at br.scrumban.VendaDAOTest.testTotal_Vendas_Vendedor_4_Em_2010_Retorno_0(VendaDAOTest.java:63)
	at sun.reflect.NativeMethodAccessorImpl.invoke0(Native Method)
	at sun.reflect.NativeMethodAccessorImpl.invoke(Unknown Source)
	at sun.reflect.DelegatingMethodAccessorImpl.invoke(Unknown Source)
	at java.lang.reflect.Method.invoke(Unknown Source)
	at junit.framework.TestCase.runTest(TestCase.java:164)
	at junit.framework.TestCase.runBare(TestCase.java:130)
	at junit.framework.TestResult$1.protect(TestResult.java:110)
	at junit.framework.TestResult.runProtected(TestResult.java:128)
	at junit.framework.TestResult.run(TestResult.java:113)
	at junit.framework.TestCase.run(TestCase.java:120)
	at junit.framework.TestSuite.runTest(TestSuite.java:228)
	at junit.framework.TestSuite.run(TestSuite.java:223)
	at org.junit.internal.runners.OldTestClassRunner.run(OldTestClassRunner.java:35)
	at org.apache.maven.surefire.junit4.JUnit4TestSet.execute(JUnit4TestSet.java:53)
	at org.apache.maven.surefire.junit4.JUnit4Provider.executeTestSet(JUnit4Provider.java:123)
	at org.apache.maven.surefire.junit4.JUnit4Provider.invoke(JUnit4Provider.java:104)
	at sun.reflect.NativeMethodAccessorImpl.invoke0(Native Method)
	at sun.reflect.NativeMethodAccessorImpl.invoke(Unknown Source)
	at sun.reflect.DelegatingMethodAccessorImpl.invoke(Unknown Source)
	at java.lang.reflect.Method.invoke(Unknown Source)
	at org.apache.maven.surefire.util.ReflectionUtils.invokeMethodWithArray(ReflectionUtils.java:164)
	at org.apache.maven.surefire.booter.ProviderFactory$ProviderProxy.invoke(ProviderFactory.java:110)
	at org.apache.maven.surefire.booter.SurefireStarter.invokeProvider(SurefireStarter.java:175)
	at org.apache.maven.surefire.booter.SurefireStarter.runSuitesInProcessWhenForked(SurefireStarter.java:107)
	at org.apache.maven.surefire.booter.ForkedBooter.main(ForkedBooter.java:68)
Caused by: org.hibernate.exception.JDBCConnectionException: Cannot open connection
	at org.hibernate.exception.SQLStateConverter.convert(SQLStateConverter.java:74)
	at org.hibernate.exception.JDBCExceptionHelper.convert(JDBCExceptionHelper.java:43)
	at org.hibernate.exception.JDBCExceptionHelper.convert(JDBCExceptionHelper.java:29)
	at org.hibernate.jdbc.ConnectionManager.openConnection(ConnectionManager.java:420)
	at org.hibernate.jdbc.ConnectionManager.getConnection(ConnectionManager.java:144)
	at org.hibernate.jdbc.AbstractBatcher.prepareQueryStatement(AbstractBatcher.java:139)
	at org.hibernate.loader.Loader.prepareQueryStatement(Loader.java:1538)
	at org.hibernate.loader.Loader.doQuery(Loader.java:661)
	at org.hibernate.loader.Loader.doQueryAndInitializeNonLazyCollections(Loader.java:224)
	at org.hibernate.loader.Loader.doList(Loader.java:2211)
	at org.hibernate.loader.Loader.listIgnoreQueryCache(Loader.java:2095)
	at org.hibernate.loader.Loader.list(Loader.java:2090)
	at org.hibernate.loader.custom.CustomLoader.list(CustomLoader.java:289)
	at org.hibernate.impl.SessionImpl.listCustomQuery(SessionImpl.java:1695)
	at org.hibernate.impl.AbstractSessionImpl.list(AbstractSessionImpl.java:142)
	at org.hibernate.impl.SQLQueryImpl.list(SQLQueryImpl.java:150)
	at org.hibernate.ejb.QueryImpl.getSingleResult(QueryImpl.java:80)
	... 27 more
Caused by: java.sql.SQLException: Network error IOException: Connection refused: connect
	at net.sourceforge.jtds.jdbc.ConnectionJDBC2.&lt;init&gt;(ConnectionJDBC2.java:395)
	at net.sourceforge.jtds.jdbc.ConnectionJDBC3.&lt;init&gt;(ConnectionJDBC3.java:50)
	at net.sourceforge.jtds.jdbc.Driver.connect(Driver.java:184)
	at java.sql.DriverManager.getConnection(Unknown Source)
	at java.sql.DriverManager.getConnection(Unknown Source)
	at org.hibernate.connection.DriverManagerConnectionProvider.getConnection(DriverManagerConnectionProvider.java:110)
	at org.hibernate.jdbc.ConnectionManager.openConnection(ConnectionManager.java:417)
	... 40 more
Caused by: java.net.ConnectException: Connection refused: connect
	at java.net.DualStackPlainSocketImpl.connect0(Native Method)
	at java.net.DualStackPlainSocketImpl.socketConnect(Unknown Source)
	at java.net.AbstractPlainSocketImpl.doConnect(Unknown Source)
	at java.net.AbstractPlainSocketImpl.connectToAddress(Unknown Source)
	at java.net.AbstractPlainSocketImpl.connect(Unknown Source)
	at java.net.PlainSocketImpl.connect(Unknown Source)
	at java.net.SocksSocketImpl.connect(Unknown Source)
	at java.net.Socket.connect(Unknown Source)
	at sun.reflect.GeneratedMethodAccessor31.invoke(Unknown Source)
	at sun.reflect.DelegatingMethodAccessorImpl.invoke(Unknown Source)
	at java.lang.reflect.Method.invoke(Unknown Source)
	at net.sourceforge.jtds.jdbc.SharedSocket.createSocketForJDBC3(SharedSocket.java:305)
	at net.sourceforge.jtds.jdbc.SharedSocket.&lt;init&gt;(SharedSocket.java:255)
	at net.sourceforge.jtds.jdbc.ConnectionJDBC2.&lt;init&gt;(ConnectionJDBC2.java:323)
	... 46 more
</error>
    <system-err>Mai 14, 2014 11:05:36 AM org.hibernate.util.JDBCExceptionReporter logExceptions
WARNING: SQL Error: 0, SQLState: 08S01
Mai 14, 2014 11:05:36 AM org.hibernate.util.JDBCExceptionReporter logExceptions
SEVERE: Network error IOException: Connection refused: connect
org.hibernate.exception.JDBCConnectionException: Cannot open connection
	at org.hibernate.exception.SQLStateConverter.convert(SQLStateConverter.java:74)
	at org.hibernate.exception.JDBCExceptionHelper.convert(JDBCExceptionHelper.java:43)
	at org.hibernate.exception.JDBCExceptionHelper.convert(JDBCExceptionHelper.java:29)
	at org.hibernate.jdbc.ConnectionManager.openConnection(ConnectionManager.java:420)
	at org.hibernate.jdbc.ConnectionManager.getConnection(ConnectionManager.java:144)
	at org.hibernate.jdbc.BorrowedConnectionProxy.invoke(BorrowedConnectionProxy.java:50)
	at com.sun.proxy.$Proxy7.createStatement(Unknown Source)
	at org.dbunit.database.statement.AbstractBatchStatement.&lt;init&gt;(AbstractBatchStatement.java:39)
	at org.dbunit.database.statement.SimpleStatement.&lt;init&gt;(SimpleStatement.java:40)
	at org.dbunit.database.statement.PreparedStatementFactory.createBatchStatement(PreparedStatementFactory.java:44)
	at org.dbunit.operation.DeleteAllOperation.execute(DeleteAllOperation.java:74)
	at org.dbunit.operation.CompositeOperation.execute(CompositeOperation.java:67)
	at br.scrumban.infra.DbUnitDataLoader.populateTestData(DbUnitDataLoader.java:38)
	at br.scrumban.infra.BaseDBTest.setUp(BaseDBTest.java:36)
	at junit.framework.TestCase.runBare(TestCase.java:128)
	at junit.framework.TestResult$1.protect(TestResult.java:110)
	at junit.framework.TestResult.runProtected(TestResult.java:128)
	at junit.framework.TestResult.run(TestResult.java:113)
	at junit.framework.TestCase.run(TestCase.java:120)
	at junit.framework.TestSuite.runTest(TestSuite.java:228)
	at junit.framework.TestSuite.run(TestSuite.java:223)
	at org.junit.internal.runners.OldTestClassRunner.run(OldTestClassRunner.java:35)
	at org.apache.maven.surefire.junit4.JUnit4TestSet.execute(JUnit4TestSet.java:53)
	at org.apache.maven.surefire.junit4.JUnit4Provider.executeTestSet(JUnit4Provider.java:123)
	at org.apache.maven.surefire.junit4.JUnit4Provider.invoke(JUnit4Provider.java:104)
	at sun.reflect.NativeMethodAccessorImpl.invoke0(Native Method)
	at sun.reflect.NativeMethodAccessorImpl.invoke(Unknown Source)
	at sun.reflect.DelegatingMethodAccessorImpl.invoke(Unknown Source)
	at java.lang.reflect.Method.invoke(Unknown Source)
	at org.apache.maven.surefire.util.ReflectionUtils.invokeMethodWithArray(ReflectionUtils.java:164)
	at org.apache.maven.surefire.booter.ProviderFactory$ProviderProxy.invoke(ProviderFactory.java:110)
	at org.apache.maven.surefire.booter.SurefireStarter.invokeProvider(SurefireStarter.java:175)
	at org.apache.maven.surefire.booter.SurefireStarter.runSuitesInProcessWhenForked(SurefireStarter.java:107)
	at org.apache.maven.surefire.booter.ForkedBooter.main(ForkedBooter.java:68)
Caused by: java.sql.SQLException: Network error IOException: Connection refused: connect
	at net.sourceforge.jtds.jdbc.ConnectionJDBC2.&lt;init&gt;(ConnectionJDBC2.java:395)
	at net.sourceforge.jtds.jdbc.ConnectionJDBC3.&lt;init&gt;(ConnectionJDBC3.java:50)
	at net.sourceforge.jtds.jdbc.Driver.connect(Driver.java:184)
	at java.sql.DriverManager.getConnection(Unknown Source)
	at java.sql.DriverManager.getConnection(Unknown Source)
	at org.hibernate.connection.DriverManagerConnectionProvider.getConnection(DriverManagerConnectionProvider.java:110)
	at org.hibernate.jdbc.ConnectionManager.openConnection(ConnectionManager.java:417)
	... 30 more
Caused by: java.net.ConnectException: Connection refused: connect
	at java.net.DualStackPlainSocketImpl.connect0(Native Method)
	at java.net.DualStackPlainSocketImpl.socketConnect(Unknown Source)
	at java.net.AbstractPlainSocketImpl.doConnect(Unknown Source)
	at java.net.AbstractPlainSocketImpl.connectToAddress(Unknown Source)
	at java.net.AbstractPlainSocketImpl.connect(Unknown Source)
	at java.net.PlainSocketImpl.connect(Unknown Source)
	at java.net.SocksSocketImpl.connect(Unknown Source)
	at java.net.Socket.connect(Unknown Source)
	at sun.reflect.GeneratedMethodAccessor31.invoke(Unknown Source)
	at sun.reflect.DelegatingMethodAccessorImpl.invoke(Unknown Source)
	at java.lang.reflect.Method.invoke(Unknown Source)
	at net.sourceforge.jtds.jdbc.SharedSocket.createSocketForJDBC3(SharedSocket.java:305)
	at net.sourceforge.jtds.jdbc.SharedSocket.&lt;init&gt;(SharedSocket.java:255)
	at net.sourceforge.jtds.jdbc.ConnectionJDBC2.&lt;init&gt;(ConnectionJDBC2.java:323)
	... 36 more
Mai 14, 2014 11:05:37 AM org.hibernate.util.JDBCExceptionReporter logExceptions
WARNING: SQL Error: 0, SQLState: 08S01
Mai 14, 2014 11:05:37 AM org.hibernate.util.JDBCExceptionReporter logExceptions
SEVERE: Network error IOException: Connection refused: connect
</system-err>
  </testcase>
  <testcase time="2.025" classname="br.scrumban.VendaDAOTest" name="testTotal_Vendas_Vendedor_5_Em_2010_Retorno_3000">
    <error message="org.hibernate.exception.JDBCConnectionException: Cannot open connection" type="javax.persistence.PersistenceException">javax.persistence.PersistenceException: org.hibernate.exception.JDBCConnectionException: Cannot open connection
	at org.hibernate.ejb.AbstractEntityManagerImpl.throwPersistenceException(AbstractEntityManagerImpl.java:629)
	at org.hibernate.ejb.QueryImpl.getSingleResult(QueryImpl.java:99)
	at br.scrumban.dao.VendaDAO.buscarTotalDeVendasPorVendedorEAno(VendaDAO.java:46)
	at br.scrumban.VendaDAOTest.testTotal_Vendas_Vendedor_5_Em_2010_Retorno_3000(VendaDAOTest.java:81)
	at sun.reflect.NativeMethodAccessorImpl.invoke0(Native Method)
	at sun.reflect.NativeMethodAccessorImpl.invoke(Unknown Source)
	at sun.reflect.DelegatingMethodAccessorImpl.invoke(Unknown Source)
	at java.lang.reflect.Method.invoke(Unknown Source)
	at junit.framework.TestCase.runTest(TestCase.java:164)
	at junit.framework.TestCase.runBare(TestCase.java:130)
	at junit.framework.TestResult$1.protect(TestResult.java:110)
	at junit.framework.TestResult.runProtected(TestResult.java:128)
	at junit.framework.TestResult.run(TestResult.java:113)
	at junit.framework.TestCase.run(TestCase.java:120)
	at junit.framework.TestSuite.runTest(TestSuite.java:228)
	at junit.framework.TestSuite.run(TestSuite.java:223)
	at org.junit.internal.runners.OldTestClassRunner.run(OldTestClassRunner.java:35)
	at org.apache.maven.surefire.junit4.JUnit4TestSet.execute(JUnit4TestSet.java:53)
	at org.apache.maven.surefire.junit4.JUnit4Provider.executeTestSet(JUnit4Provider.java:123)
	at org.apache.maven.surefire.junit4.JUnit4Provider.invoke(JUnit4Provider.java:104)
	at sun.reflect.NativeMethodAccessorImpl.invoke0(Native Method)
	at sun.reflect.NativeMethodAccessorImpl.invoke(Unknown Source)
	at sun.reflect.DelegatingMethodAccessorImpl.invoke(Unknown Source)
	at java.lang.reflect.Method.invoke(Unknown Source)
	at org.apache.maven.surefire.util.ReflectionUtils.invokeMethodWithArray(ReflectionUtils.java:164)
	at org.apache.maven.surefire.booter.ProviderFactory$ProviderProxy.invoke(ProviderFactory.java:110)
	at org.apache.maven.surefire.booter.SurefireStarter.invokeProvider(SurefireStarter.java:175)
	at org.apache.maven.surefire.booter.SurefireStarter.runSuitesInProcessWhenForked(SurefireStarter.java:107)
	at org.apache.maven.surefire.booter.ForkedBooter.main(ForkedBooter.java:68)
Caused by: org.hibernate.exception.JDBCConnectionException: Cannot open connection
	at org.hibernate.exception.SQLStateConverter.convert(SQLStateConverter.java:74)
	at org.hibernate.exception.JDBCExceptionHelper.convert(JDBCExceptionHelper.java:43)
	at org.hibernate.exception.JDBCExceptionHelper.convert(JDBCExceptionHelper.java:29)
	at org.hibernate.jdbc.ConnectionManager.openConnection(ConnectionManager.java:420)
	at org.hibernate.jdbc.ConnectionManager.getConnection(ConnectionManager.java:144)
	at org.hibernate.jdbc.AbstractBatcher.prepareQueryStatement(AbstractBatcher.java:139)
	at org.hibernate.loader.Loader.prepareQueryStatement(Loader.java:1538)
	at org.hibernate.loader.Loader.doQuery(Loader.java:661)
	at org.hibernate.loader.Loader.doQueryAndInitializeNonLazyCollections(Loader.java:224)
	at org.hibernate.loader.Loader.doList(Loader.java:2211)
	at org.hibernate.loader.Loader.listIgnoreQueryCache(Loader.java:2095)
	at org.hibernate.loader.Loader.list(Loader.java:2090)
	at org.hibernate.loader.custom.CustomLoader.list(CustomLoader.java:289)
	at org.hibernate.impl.SessionImpl.listCustomQuery(SessionImpl.java:1695)
	at org.hibernate.impl.AbstractSessionImpl.list(AbstractSessionImpl.java:142)
	at org.hibernate.impl.SQLQueryImpl.list(SQLQueryImpl.java:150)
	at org.hibernate.ejb.QueryImpl.getSingleResult(QueryImpl.java:80)
	... 27 more
Caused by: java.sql.SQLException: Network error IOException: Connection refused: connect
	at net.sourceforge.jtds.jdbc.ConnectionJDBC2.&lt;init&gt;(ConnectionJDBC2.java:395)
	at net.sourceforge.jtds.jdbc.ConnectionJDBC3.&lt;init&gt;(ConnectionJDBC3.java:50)
	at net.sourceforge.jtds.jdbc.Driver.connect(Driver.java:184)
	at java.sql.DriverManager.getConnection(Unknown Source)
	at java.sql.DriverManager.getConnection(Unknown Source)
	at org.hibernate.connection.DriverManagerConnectionProvider.getConnection(DriverManagerConnectionProvider.java:110)
	at org.hibernate.jdbc.ConnectionManager.openConnection(ConnectionManager.java:417)
	... 40 more
Caused by: java.net.ConnectException: Connection refused: connect
	at java.net.DualStackPlainSocketImpl.connect0(Native Method)
	at java.net.DualStackPlainSocketImpl.socketConnect(Unknown Source)
	at java.net.AbstractPlainSocketImpl.doConnect(Unknown Source)
	at java.net.AbstractPlainSocketImpl.connectToAddress(Unknown Source)
	at java.net.AbstractPlainSocketImpl.connect(Unknown Source)
	at java.net.PlainSocketImpl.connect(Unknown Source)
	at java.net.SocksSocketImpl.connect(Unknown Source)
	at java.net.Socket.connect(Unknown Source)
	at sun.reflect.GeneratedMethodAccessor31.invoke(Unknown Source)
	at sun.reflect.DelegatingMethodAccessorImpl.invoke(Unknown Source)
	at java.lang.reflect.Method.invoke(Unknown Source)
	at net.sourceforge.jtds.jdbc.SharedSocket.createSocketForJDBC3(SharedSocket.java:305)
	at net.sourceforge.jtds.jdbc.SharedSocket.&lt;init&gt;(SharedSocket.java:255)
	at net.sourceforge.jtds.jdbc.ConnectionJDBC2.&lt;init&gt;(ConnectionJDBC2.java:323)
	... 46 more
</error>
    <system-err>Mai 14, 2014 11:05:38 AM org.hibernate.util.JDBCExceptionReporter logExceptions
WARNING: SQL Error: 0, SQLState: 08S01
Mai 14, 2014 11:05:38 AM org.hibernate.util.JDBCExceptionReporter logExceptions
SEVERE: Network error IOException: Connection refused: connect
org.hibernate.exception.JDBCConnectionException: Cannot open connection
	at org.hibernate.exception.SQLStateConverter.convert(SQLStateConverter.java:74)
	at org.hibernate.exception.JDBCExceptionHelper.convert(JDBCExceptionHelper.java:43)
	at org.hibernate.exception.JDBCExceptionHelper.convert(JDBCExceptionHelper.java:29)
	at org.hibernate.jdbc.ConnectionManager.openConnection(ConnectionManager.java:420)
	at org.hibernate.jdbc.ConnectionManager.getConnection(ConnectionManager.java:144)
	at org.hibernate.jdbc.BorrowedConnectionProxy.invoke(BorrowedConnectionProxy.java:50)
	at com.sun.proxy.$Proxy7.createStatement(Unknown Source)
	at org.dbunit.database.statement.AbstractBatchStatement.&lt;init&gt;(AbstractBatchStatement.java:39)
	at org.dbunit.database.statement.SimpleStatement.&lt;init&gt;(SimpleStatement.java:40)
	at org.dbunit.database.statement.PreparedStatementFactory.createBatchStatement(PreparedStatementFactory.java:44)
	at org.dbunit.operation.DeleteAllOperation.execute(DeleteAllOperation.java:74)
	at org.dbunit.operation.CompositeOperation.execute(CompositeOperation.java:67)
	at br.scrumban.infra.DbUnitDataLoader.populateTestData(DbUnitDataLoader.java:38)
	at br.scrumban.infra.BaseDBTest.setUp(BaseDBTest.java:36)
	at junit.framework.TestCase.runBare(TestCase.java:128)
	at junit.framework.TestResult$1.protect(TestResult.java:110)
	at junit.framework.TestResult.runProtected(TestResult.java:128)
	at junit.framework.TestResult.run(TestResult.java:113)
	at junit.framework.TestCase.run(TestCase.java:120)
	at junit.framework.TestSuite.runTest(TestSuite.java:228)
	at junit.framework.TestSuite.run(TestSuite.java:223)
	at org.junit.internal.runners.OldTestClassRunner.run(OldTestClassRunner.java:35)
	at org.apache.maven.surefire.junit4.JUnit4TestSet.execute(JUnit4TestSet.java:53)
	at org.apache.maven.surefire.junit4.JUnit4Provider.executeTestSet(JUnit4Provider.java:123)
	at org.apache.maven.surefire.junit4.JUnit4Provider.invoke(JUnit4Provider.java:104)
	at sun.reflect.NativeMethodAccessorImpl.invoke0(Native Method)
	at sun.reflect.NativeMethodAccessorImpl.invoke(Unknown Source)
	at sun.reflect.DelegatingMethodAccessorImpl.invoke(Unknown Source)
	at java.lang.reflect.Method.invoke(Unknown Source)
	at org.apache.maven.surefire.util.ReflectionUtils.invokeMethodWithArray(ReflectionUtils.java:164)
	at org.apache.maven.surefire.booter.ProviderFactory$ProviderProxy.invoke(ProviderFactory.java:110)
	at org.apache.maven.surefire.booter.SurefireStarter.invokeProvider(SurefireStarter.java:175)
	at org.apache.maven.surefire.booter.SurefireStarter.runSuitesInProcessWhenForked(SurefireStarter.java:107)
	at org.apache.maven.surefire.booter.ForkedBooter.main(ForkedBooter.java:68)
Caused by: java.sql.SQLException: Network error IOException: Connection refused: connect
	at net.sourceforge.jtds.jdbc.ConnectionJDBC2.&lt;init&gt;(ConnectionJDBC2.java:395)
	at net.sourceforge.jtds.jdbc.ConnectionJDBC3.&lt;init&gt;(ConnectionJDBC3.java:50)
	at net.sourceforge.jtds.jdbc.Driver.connect(Driver.java:184)
	at java.sql.DriverManager.getConnection(Unknown Source)
	at java.sql.DriverManager.getConnection(Unknown Source)
	at org.hibernate.connection.DriverManagerConnectionProvider.getConnection(DriverManagerConnectionProvider.java:110)
	at org.hibernate.jdbc.ConnectionManager.openConnection(ConnectionManager.java:417)
	... 30 more
Caused by: java.net.ConnectException: Connection refused: connect
	at java.net.DualStackPlainSocketImpl.connect0(Native Method)
	at java.net.DualStackPlainSocketImpl.socketConnect(Unknown Source)
	at java.net.AbstractPlainSocketImpl.doConnect(Unknown Source)
	at java.net.AbstractPlainSocketImpl.connectToAddress(Unknown Source)
	at java.net.AbstractPlainSocketImpl.connect(Unknown Source)
	at java.net.PlainSocketImpl.connect(Unknown Source)
	at java.net.SocksSocketImpl.connect(Unknown Source)
	at java.net.Socket.connect(Unknown Source)
	at sun.reflect.GeneratedMethodAccessor31.invoke(Unknown Source)
	at sun.reflect.DelegatingMethodAccessorImpl.invoke(Unknown Source)
	at java.lang.reflect.Method.invoke(Unknown Source)
	at net.sourceforge.jtds.jdbc.SharedSocket.createSocketForJDBC3(SharedSocket.java:305)
	at net.sourceforge.jtds.jdbc.SharedSocket.&lt;init&gt;(SharedSocket.java:255)
	at net.sourceforge.jtds.jdbc.ConnectionJDBC2.&lt;init&gt;(ConnectionJDBC2.java:323)
	... 36 more
Mai 14, 2014 11:05:40 AM org.hibernate.util.JDBCExceptionReporter logExceptions
WARNING: SQL Error: 0, SQLState: 08S01
Mai 14, 2014 11:05:40 AM org.hibernate.util.JDBCExceptionReporter logExceptions
SEVERE: Network error IOException: Connection refused: connect
</system-err>
  </testcase>
  <testcase time="0.999" classname="br.scrumban.VendaDAOTest" name="testGarantirInfraEstruturaTestesFuncionaParaBuscarUmaConexao"/>
</testsuite>